# JRE version: OpenJDK Runtime Environment (17.0.9) (build 17.0.9+0--11185874)
# Java VM: OpenJDK 64-Bit Server VM (17.0.9+0--11185874, mixed mode, tiered, compressed oops, compressed class ptrs, g1 gc, windows-amd64)
GC Precious Log:
 CPUs: 4 total, 4 available
 Memory: 6049M
 Large Page Support: Disabled
 NUMA Support: Disabled
 Compressed Oops: Enabled (32-bit)
 Heap Region Size: 1M
 Heap Min Capacity: 8M
 Heap Initial Capacity: 96M
 Heap Max Capacity: 2G
 Pre-touch: Disabled
 Parallel Workers: 4
 Concurrent Workers: 1
 Concurrent Refinement Workers: 4
 Periodic GC: Disabled
Heap:
 garbage-first heap   total 285696K, used 194652K [0x0000000080000000, 0x0000000100000000)
  region size 1024K, 8 young (8192K), 8 survivors (8192K)
 Metaspace       used 141025K, committed 142080K, reserved 1179648K
  class space    used 19263K, committed 19776K, reserved 1048576K
GC Heap History (20 events):
Event: 43.107 GC heap after
{Heap after GC invocations=47 (full 0):
 garbage-first heap   total 285696K, used 135322K [0x0000000080000000, 0x0000000100000000)
  region size 1024K, 12 young (12288K), 12 survivors (12288K)
 Metaspace       used 111086K, committed 111936K, reserved 1179648K
  class space    used 15244K, committed 15680K, reserved 1048576K
}
Event: 44.914 GC heap before
{Heap before GC invocations=48 (full 0):
 garbage-first heap   total 285696K, used 232602K [0x0000000080000000, 0x0000000100000000)
  region size 1024K, 108 young (110592K), 12 survivors (12288K)
 Metaspace       used 119002K, committed 119872K, reserved 1179648K
  class space    used 16389K, committed 16768K, reserved 1048576K
}
Event: 44.946 GC heap after
{Heap after GC invocations=49 (full 0):
 garbage-first heap   total 285696K, used 145732K [0x0000000080000000, 0x0000000100000000)
  region size 1024K, 14 young (14336K), 14 survivors (14336K)
 Metaspace       used 119002K, committed 119872K, reserved 1179648K
  class space    used 16389K, committed 16768K, reserved 1048576K
}
Event: 44.961 GC heap before
{Heap before GC invocations=49 (full 0):
 garbage-first heap   total 285696K, used 146756K [0x0000000080000000, 0x0000000100000000)
  region size 1024K, 15 young (15360K), 14 survivors (14336K)
 Metaspace       used 119127K, committed 120000K, reserved 1179648K
  class space    used 16422K, committed 16832K, reserved 1048576K
}
Event: 44.986 GC heap after
{Heap after GC invocations=50 (full 0):
 garbage-first heap   total 285696K, used 145151K [0x0000000080000000, 0x0000000100000000)
  region size 1024K, 2 young (2048K), 2 survivors (2048K)
 Metaspace       used 119127K, committed 120000K, reserved 1179648K
  class space    used 16422K, committed 16832K, reserved 1048576K
}
Event: 47.656 GC heap before
{Heap before GC invocations=50 (full 0):
 garbage-first heap   total 285696K, used 233215K [0x0000000080000000, 0x0000000100000000)
  region size 1024K, 88 young (90112K), 2 survivors (2048K)
 Metaspace       used 123823K, committed 124800K, reserved 1179648K
  class space    used 16976K, committed 17472K, reserved 1048576K
}
Event: 47.667 GC heap after
{Heap after GC invocations=51 (full 0):
 garbage-first heap   total 285696K, used 144459K [0x0000000080000000, 0x0000000100000000)
  region size 1024K, 2 young (2048K), 2 survivors (2048K)
 Metaspace       used 123823K, committed 124800K, reserved 1179648K
  class space    used 16976K, committed 17472K, reserved 1048576K
}
Event: 49.445 GC heap before
{Heap before GC invocations=52 (full 0):
 garbage-first heap   total 285696K, used 237643K [0x0000000080000000, 0x0000000100000000)
  region size 1024K, 92 young (94208K), 2 survivors (2048K)
 Metaspace       used 128104K, committed 129024K, reserved 1179648K
  class space    used 17735K, committed 18176K, reserved 1048576K
}
Event: 49.465 GC heap after
{Heap after GC invocations=53 (full 0):
 garbage-first heap   total 285696K, used 153936K [0x0000000080000000, 0x0000000100000000)
  region size 1024K, 11 young (11264K), 11 survivors (11264K)
 Metaspace       used 128104K, committed 129024K, reserved 1179648K
  class space    used 17735K, committed 18176K, reserved 1048576K
}
Event: 49.489 GC heap before
{Heap before GC invocations=53 (full 0):
 garbage-first heap   total 285696K, used 155984K [0x0000000080000000, 0x0000000100000000)
  region size 1024K, 13 young (13312K), 11 survivors (11264K)
 Metaspace       used 128134K, committed 129024K, reserved 1179648K
  class space    used 17738K, committed 18176K, reserved 1048576K
}
Event: 49.512 GC heap after
{Heap after GC invocations=54 (full 0):
 garbage-first heap   total 285696K, used 153429K [0x0000000080000000, 0x0000000100000000)
  region size 1024K, 2 young (2048K), 2 survivors (2048K)
 Metaspace       used 128134K, committed 129024K, reserved 1179648K
  class space    used 17738K, committed 18176K, reserved 1048576K
}
Event: 397.527 GC heap before
{Heap before GC invocations=54 (full 0):
 garbage-first heap   total 285696K, used 270165K [0x0000000080000000, 0x0000000100000000)
  region size 1024K, 73 young (74752K), 2 survivors (2048K)
 Metaspace       used 131330K, committed 132224K, reserved 1179648K
  class space    used 18151K, committed 18624K, reserved 1048576K
}
Event: 397.555 GC heap after
{Heap after GC invocations=55 (full 0):
 garbage-first heap   total 285696K, used 155298K [0x0000000080000000, 0x0000000100000000)
  region size 1024K, 3 young (3072K), 3 survivors (3072K)
 Metaspace       used 131330K, committed 132224K, reserved 1179648K
  class space    used 18151K, committed 18624K, reserved 1048576K
}
Event: 858.448 GC heap before
{Heap before GC invocations=55 (full 0):
 garbage-first heap   total 285696K, used 235170K [0x0000000080000000, 0x0000000100000000)
  region size 1024K, 82 young (83968K), 3 survivors (3072K)
 Metaspace       used 132084K, committed 132992K, reserved 1179648K
  class space    used 18177K, committed 18624K, reserved 1048576K
}
Event: 858.471 GC heap after
{Heap after GC invocations=56 (full 0):
 garbage-first heap   total 285696K, used 164380K [0x0000000080000000, 0x0000000100000000)
  region size 1024K, 11 young (11264K), 11 survivors (11264K)
 Metaspace       used 132084K, committed 132992K, reserved 1179648K
  class space    used 18177K, committed 18624K, reserved 1048576K
}
Event: 869.310 GC heap before
{Heap before GC invocations=56 (full 0):
 garbage-first heap   total 285696K, used 235036K [0x0000000080000000, 0x0000000100000000)
  region size 1024K, 81 young (82944K), 11 survivors (11264K)
 Metaspace       used 132900K, committed 133888K, reserved 1179648K
  class space    used 18270K, committed 18752K, reserved 1048576K
}
Event: 869.351 GC heap after
{Heap after GC invocations=57 (full 0):
 garbage-first heap   total 285696K, used 171904K [0x0000000080000000, 0x0000000100000000)
  region size 1024K, 8 young (8192K), 8 survivors (8192K)
 Metaspace       used 132900K, committed 133888K, reserved 1179648K
  class space    used 18270K, committed 18752K, reserved 1048576K
}
Event: 870.674 GC heap before
{Heap before GC invocations=57 (full 0):
 garbage-first heap   total 285696K, used 235392K [0x0000000080000000, 0x0000000100000000)
  region size 1024K, 71 young (72704K), 8 survivors (8192K)
 Metaspace       used 136934K, committed 137920K, reserved 1179648K
  class space    used 18844K, committed 19328K, reserved 1048576K
}
Event: 870.710 GC heap after
{Heap after GC invocations=58 (full 0):
 garbage-first heap   total 285696K, used 180697K [0x0000000080000000, 0x0000000100000000)
  region size 1024K, 9 young (9216K), 9 survivors (9216K)
 Metaspace       used 136934K, committed 137920K, reserved 1179648K
  class space    used 18844K, committed 19328K, reserved 1048576K
}
Event: 871.804 GC heap before
{Heap before GC invocations=58 (full 0):
 garbage-first heap   total 285696K, used 238041K [0x0000000080000000, 0x0000000100000000)
  region size 1024K, 64 young (65536K), 9 survivors (9216K)
 Metaspace       used 141025K, committed 142080K, reserved 1179648K
  class space    used 19263K, committed 19776K, reserved 1048576K
}

