# JRE version: OpenJDK Runtime Environment (17.0.9) (build 17.0.9+0--11185874)
# Java VM: OpenJDK 64-Bit Server VM (17.0.9+0--11185874, mixed mode, tiered, compressed oops, compressed class ptrs, g1 gc, windows-amd64)
GC Precious Log:
 CPUs: 4 total, 4 available
 Memory: 6049M
 Large Page Support: Disabled
 NUMA Support: Disabled
 Compressed Oops: Enabled (32-bit)
 Heap Region Size: 1M
 Heap Min Capacity: 8M
 Heap Initial Capacity: 96M
 Heap Max Capacity: 2G
 Pre-touch: Disabled
 Parallel Workers: 4
 Concurrent Workers: 1
 Concurrent Refinement Workers: 4
 Periodic GC: Disabled
Heap:
 garbage-first heap   total 211968K, used 143804K [0x0000000080000000, 0x0000000100000000)
  region size 1024K, 4 young (4096K), 4 survivors (4096K)
 Metaspace       used 113541K, committed 114368K, reserved 1179648K
  class space    used 15485K, committed 15936K, reserved 1048576K
GC Heap History (20 events):
Event: 24.286 GC heap after
{Heap after GC invocations=25 (full 0):
 garbage-first heap   total 211968K, used 102894K [0x0000000080000000, 0x0000000100000000)
  region size 1024K, 11 young (11264K), 11 survivors (11264K)
 Metaspace       used 100519K, committed 101312K, reserved 1179648K
  class space    used 14014K, committed 14400K, reserved 1048576K
}
Event: 24.716 GC heap before
{Heap before GC invocations=25 (full 0):
 garbage-first heap   total 211968K, used 140782K [0x0000000080000000, 0x0000000100000000)
  region size 1024K, 50 young (51200K), 11 survivors (11264K)
 Metaspace       used 100869K, committed 101568K, reserved 1179648K
  class space    used 14034K, committed 14400K, reserved 1048576K
}
Event: 24.736 GC heap after
{Heap after GC invocations=26 (full 0):
 garbage-first heap   total 211968K, used 107040K [0x0000000080000000, 0x0000000100000000)
  region size 1024K, 6 young (6144K), 6 survivors (6144K)
 Metaspace       used 100869K, committed 101568K, reserved 1179648K
  class space    used 14034K, committed 14400K, reserved 1048576K
}
Event: 26.633 GC heap before
{Heap before GC invocations=27 (full 0):
 garbage-first heap   total 211968K, used 170020K [0x0000000080000000, 0x0000000100000000)
  region size 1024K, 69 young (70656K), 6 survivors (6144K)
 Metaspace       used 101247K, committed 101952K, reserved 1179648K
  class space    used 14059K, committed 14400K, reserved 1048576K
}
Event: 26.650 GC heap after
{Heap after GC invocations=28 (full 0):
 garbage-first heap   total 211968K, used 109990K [0x0000000080000000, 0x0000000100000000)
  region size 1024K, 9 young (9216K), 9 survivors (9216K)
 Metaspace       used 101247K, committed 101952K, reserved 1179648K
  class space    used 14059K, committed 14400K, reserved 1048576K
}
Event: 26.669 GC heap before
{Heap before GC invocations=28 (full 0):
 garbage-first heap   total 211968K, used 111014K [0x0000000080000000, 0x0000000100000000)
  region size 1024K, 10 young (10240K), 9 survivors (9216K)
 Metaspace       used 101247K, committed 101952K, reserved 1179648K
  class space    used 14059K, committed 14400K, reserved 1048576K
}
Event: 26.686 GC heap after
{Heap after GC invocations=29 (full 0):
 garbage-first heap   total 211968K, used 109863K [0x0000000080000000, 0x0000000100000000)
  region size 1024K, 2 young (2048K), 2 survivors (2048K)
 Metaspace       used 101247K, committed 101952K, reserved 1179648K
  class space    used 14059K, committed 14400K, reserved 1048576K
}
Event: 29.338 GC heap before
{Heap before GC invocations=29 (full 0):
 garbage-first heap   total 211968K, used 171303K [0x0000000080000000, 0x0000000100000000)
  region size 1024K, 63 young (64512K), 2 survivors (2048K)
 Metaspace       used 101474K, committed 102208K, reserved 1179648K
  class space    used 14095K, committed 14464K, reserved 1048576K
}
Event: 29.352 GC heap after
{Heap after GC invocations=30 (full 0):
 garbage-first heap   total 211968K, used 114500K [0x0000000080000000, 0x0000000100000000)
  region size 1024K, 6 young (6144K), 6 survivors (6144K)
 Metaspace       used 101474K, committed 102208K, reserved 1179648K
  class space    used 14095K, committed 14464K, reserved 1048576K
}
Event: 31.973 GC heap before
{Heap before GC invocations=31 (full 0):
 garbage-first heap   total 211968K, used 176964K [0x0000000080000000, 0x0000000100000000)
  region size 1024K, 64 young (65536K), 6 survivors (6144K)
 Metaspace       used 107254K, committed 107968K, reserved 1179648K
  class space    used 14833K, committed 15168K, reserved 1048576K
}
Event: 31.985 GC heap after
{Heap after GC invocations=32 (full 0):
 garbage-first heap   total 211968K, used 116086K [0x0000000080000000, 0x0000000100000000)
  region size 1024K, 4 young (4096K), 4 survivors (4096K)
 Metaspace       used 107254K, committed 107968K, reserved 1179648K
  class space    used 14833K, committed 15168K, reserved 1048576K
}
Event: 32.115 GC heap before
{Heap before GC invocations=32 (full 0):
 garbage-first heap   total 211968K, used 121206K [0x0000000080000000, 0x0000000100000000)
  region size 1024K, 10 young (10240K), 4 survivors (4096K)
 Metaspace       used 108493K, committed 109248K, reserved 1179648K
  class space    used 14986K, committed 15360K, reserved 1048576K
}
Event: 32.126 GC heap after
{Heap after GC invocations=33 (full 0):
 garbage-first heap   total 211968K, used 115324K [0x0000000080000000, 0x0000000100000000)
  region size 1024K, 1 young (1024K), 1 survivors (1024K)
 Metaspace       used 108493K, committed 109248K, reserved 1179648K
  class space    used 14986K, committed 15360K, reserved 1048576K
}
Event: 34.397 GC heap before
{Heap before GC invocations=33 (full 0):
 garbage-first heap   total 211968K, used 176764K [0x0000000080000000, 0x0000000100000000)
  region size 1024K, 59 young (60416K), 1 survivors (1024K)
 Metaspace       used 110613K, committed 111360K, reserved 1179648K
  class space    used 15145K, committed 15488K, reserved 1048576K
}
Event: 34.421 GC heap after
{Heap after GC invocations=34 (full 0):
 garbage-first heap   total 211968K, used 131064K [0x0000000080000000, 0x0000000100000000)
  region size 1024K, 8 young (8192K), 8 survivors (8192K)
 Metaspace       used 110613K, committed 111360K, reserved 1179648K
  class space    used 15145K, committed 15488K, reserved 1048576K
}
Event: 35.788 GC heap before
{Heap before GC invocations=34 (full 0):
 garbage-first heap   total 211968K, used 172024K [0x0000000080000000, 0x0000000100000000)
  region size 1024K, 49 young (50176K), 8 survivors (8192K)
 Metaspace       used 113175K, committed 113984K, reserved 1179648K
  class space    used 15429K, committed 15808K, reserved 1048576K
}
Event: 35.803 GC heap after
{Heap after GC invocations=35 (full 0):
 garbage-first heap   total 211968K, used 131932K [0x0000000080000000, 0x0000000100000000)
  region size 1024K, 4 young (4096K), 4 survivors (4096K)
 Metaspace       used 113175K, committed 113984K, reserved 1179648K
  class space    used 15429K, committed 15808K, reserved 1048576K
}
Event: 36.177 GC heap before
{Heap before GC invocations=35 (full 0):
 garbage-first heap   total 211968K, used 172892K [0x0000000080000000, 0x0000000100000000)
  region size 1024K, 45 young (46080K), 4 survivors (4096K)
 Metaspace       used 113497K, committed 114368K, reserved 1179648K
  class space    used 15485K, committed 15936K, reserved 1048576K
}
Event: 36.201 GC heap after
{Heap after GC invocations=36 (full 0):
 garbage-first heap   total 211968K, used 139212K [0x0000000080000000, 0x0000000100000000)
  region size 1024K, 6 young (6144K), 6 survivors (6144K)
 Metaspace       used 113497K, committed 114368K, reserved 1179648K
  class space    used 15485K, committed 15936K, reserved 1048576K
}
Event: 37.446 GC heap before
{Heap before GC invocations=36 (full 0):
 garbage-first heap   total 211968K, used 175052K [0x0000000080000000, 0x0000000100000000)
  region size 1024K, 42 young (43008K), 6 survivors (6144K)
 Metaspace       used 113541K, committed 114368K, reserved 1179648K
  class space    used 15485K, committed 15936K, reserved 1048576K
}

