# JRE version: OpenJDK Runtime Environment (17.0.9) (build 17.0.9+0--11185874)
# Java VM: OpenJDK 64-Bit Server VM (17.0.9+0--11185874, mixed mode, tiered, compressed oops, compressed class ptrs, g1 gc, windows-amd64)
GC Precious Log:
 CPUs: 4 total, 4 available
 Memory: 6049M
 Large Page Support: Disabled
 NUMA Support: Disabled
 Compressed Oops: Enabled (32-bit)
 Heap Region Size: 1M
 Heap Min Capacity: 8M
 Heap Initial Capacity: 96M
 Heap Max Capacity: 1514M
 Pre-touch: Disabled
 Parallel Workers: 4
 Concurrent Workers: 1
 Concurrent Refinement Workers: 4
 Periodic GC: Disabled
Heap:
 garbage-first heap   total 294912K, used 142448K [0x00000000a1600000, 0x0000000100000000)
  region size 1024K, 61 young (62464K), 4 survivors (4096K)
 Metaspace       used 84121K, committed 84416K, reserved 1179648K
  class space    used 9300K, committed 9472K, reserved 1048576K
GC Heap History (20 events):
Event: 11.962 GC heap before
{Heap before GC invocations=23 (full 0):
 garbage-first heap   total 112640K, used 87453K [0x00000000a1600000, 0x0000000100000000)
  region size 1024K, 37 young (37888K), 1 survivors (1024K)
 Metaspace       used 63075K, committed 63296K, reserved 1114112K
  class space    used 7472K, committed 7552K, reserved 1048576K
}
Event: 11.979 GC heap after
{Heap after GC invocations=24 (full 0):
 garbage-first heap   total 141312K, used 56814K [0x00000000a1600000, 0x0000000100000000)
  region size 1024K, 5 young (5120K), 5 survivors (5120K)
 Metaspace       used 63075K, committed 63296K, reserved 1114112K
  class space    used 7472K, committed 7552K, reserved 1048576K
}
Event: 14.603 GC heap before
{Heap before GC invocations=24 (full 0):
 garbage-first heap   total 141312K, used 101870K [0x00000000a1600000, 0x0000000100000000)
  region size 1024K, 48 young (49152K), 5 survivors (5120K)
 Metaspace       used 65298K, committed 65600K, reserved 1114112K
  class space    used 7521K, committed 7680K, reserved 1048576K
}
Event: 14.628 GC heap after
{Heap after GC invocations=25 (full 0):
 garbage-first heap   total 141312K, used 65239K [0x00000000a1600000, 0x0000000100000000)
  region size 1024K, 6 young (6144K), 6 survivors (6144K)
 Metaspace       used 65298K, committed 65600K, reserved 1114112K
  class space    used 7521K, committed 7680K, reserved 1048576K
}
Event: 16.056 GC heap before
{Heap before GC invocations=25 (full 0):
 garbage-first heap   total 141312K, used 106199K [0x00000000a1600000, 0x0000000100000000)
  region size 1024K, 46 young (47104K), 6 survivors (6144K)
 Metaspace       used 66854K, committed 67136K, reserved 1114112K
  class space    used 7641K, committed 7808K, reserved 1048576K
}
Event: 16.078 GC heap after
{Heap after GC invocations=26 (full 0):
 garbage-first heap   total 141312K, used 70267K [0x00000000a1600000, 0x0000000100000000)
  region size 1024K, 6 young (6144K), 6 survivors (6144K)
 Metaspace       used 66854K, committed 67136K, reserved 1114112K
  class space    used 7641K, committed 7808K, reserved 1048576K
}
Event: 17.668 GC heap before
{Heap before GC invocations=26 (full 0):
 garbage-first heap   total 141312K, used 103035K [0x00000000a1600000, 0x0000000100000000)
  region size 1024K, 39 young (39936K), 6 survivors (6144K)
 Metaspace       used 67594K, committed 67968K, reserved 1114112K
  class space    used 7685K, committed 7872K, reserved 1048576K
}
Event: 17.684 GC heap after
{Heap after GC invocations=27 (full 0):
 garbage-first heap   total 141312K, used 73668K [0x00000000a1600000, 0x0000000100000000)
  region size 1024K, 3 young (3072K), 3 survivors (3072K)
 Metaspace       used 67594K, committed 67968K, reserved 1114112K
  class space    used 7685K, committed 7872K, reserved 1048576K
}
Event: 20.436 GC heap before
{Heap before GC invocations=28 (full 0):
 garbage-first heap   total 141312K, used 114628K [0x00000000a1600000, 0x0000000100000000)
  region size 1024K, 41 young (41984K), 3 survivors (3072K)
 Metaspace       used 68097K, committed 68416K, reserved 1114112K
  class space    used 7713K, committed 7872K, reserved 1048576K
}
Event: 20.448 GC heap after
{Heap after GC invocations=29 (full 0):
 garbage-first heap   total 141312K, used 77558K [0x00000000a1600000, 0x0000000100000000)
  region size 1024K, 5 young (5120K), 5 survivors (5120K)
 Metaspace       used 68097K, committed 68416K, reserved 1114112K
  class space    used 7713K, committed 7872K, reserved 1048576K
}
Event: 20.487 GC heap before
{Heap before GC invocations=29 (full 0):
 garbage-first heap   total 141312K, used 78582K [0x00000000a1600000, 0x0000000100000000)
  region size 1024K, 6 young (6144K), 5 survivors (5120K)
 Metaspace       used 68180K, committed 68480K, reserved 1114112K
  class space    used 7720K, committed 7872K, reserved 1048576K
}
Event: 20.499 GC heap after
{Heap after GC invocations=30 (full 0):
 garbage-first heap   total 141312K, used 77430K [0x00000000a1600000, 0x0000000100000000)
  region size 1024K, 1 young (1024K), 1 survivors (1024K)
 Metaspace       used 68180K, committed 68480K, reserved 1114112K
  class space    used 7720K, committed 7872K, reserved 1048576K
}
Event: 23.235 GC heap before
{Heap before GC invocations=30 (full 0):
 garbage-first heap   total 141312K, used 114294K [0x00000000a1600000, 0x0000000100000000)
  region size 1024K, 37 young (37888K), 1 survivors (1024K)
 Metaspace       used 71473K, committed 71808K, reserved 1114112K
  class space    used 8033K, committed 8192K, reserved 1048576K
}
Event: 23.240 GC heap after
{Heap after GC invocations=31 (full 0):
 garbage-first heap   total 141312K, used 78665K [0x00000000a1600000, 0x0000000100000000)
  region size 1024K, 2 young (2048K), 2 survivors (2048K)
 Metaspace       used 71473K, committed 71808K, reserved 1114112K
  class space    used 8033K, committed 8192K, reserved 1048576K
}
Event: 24.529 GC heap before
{Heap before GC invocations=32 (full 0):
 garbage-first heap   total 147456K, used 115529K [0x00000000a1600000, 0x0000000100000000)
  region size 1024K, 38 young (38912K), 2 survivors (2048K)
 Metaspace       used 74472K, committed 74752K, reserved 1179648K
  class space    used 8315K, committed 8448K, reserved 1048576K
}
Event: 24.544 GC heap after
{Heap after GC invocations=33 (full 0):
 garbage-first heap   total 147456K, used 83216K [0x00000000a1600000, 0x0000000100000000)
  region size 1024K, 5 young (5120K), 5 survivors (5120K)
 Metaspace       used 74472K, committed 74752K, reserved 1179648K
  class space    used 8315K, committed 8448K, reserved 1048576K
}
Event: 24.652 GC heap before
{Heap before GC invocations=33 (full 0):
 garbage-first heap   total 147456K, used 85264K [0x00000000a1600000, 0x0000000100000000)
  region size 1024K, 7 young (7168K), 5 survivors (5120K)
 Metaspace       used 74517K, committed 74816K, reserved 1179648K
  class space    used 8317K, committed 8448K, reserved 1048576K
}
Event: 24.665 GC heap after
{Heap after GC invocations=34 (full 0):
 garbage-first heap   total 147456K, used 82705K [0x00000000a1600000, 0x0000000100000000)
  region size 1024K, 1 young (1024K), 1 survivors (1024K)
 Metaspace       used 74517K, committed 74816K, reserved 1179648K
  class space    used 8317K, committed 8448K, reserved 1048576K
}
Event: 26.001 GC heap before
{Heap before GC invocations=34 (full 0):
 garbage-first heap   total 147456K, used 120593K [0x00000000a1600000, 0x0000000100000000)
  region size 1024K, 38 young (38912K), 1 survivors (1024K)
 Metaspace       used 80862K, committed 81152K, reserved 1179648K
  class space    used 8995K, committed 9152K, reserved 1048576K
}
Event: 26.012 GC heap after
{Heap after GC invocations=35 (full 0):
 garbage-first heap   total 294912K, used 85104K [0x00000000a1600000, 0x0000000100000000)
  region size 1024K, 4 young (4096K), 4 survivors (4096K)
 Metaspace       used 80862K, committed 81152K, reserved 1179648K
  class space    used 8995K, committed 9152K, reserved 1048576K
}

