# JRE version: OpenJDK Runtime Environment (17.0.9) (build 17.0.9+0--11185874)
# Java VM: OpenJDK 64-Bit Server VM (17.0.9+0--11185874, mixed mode, tiered, compressed oops, compressed class ptrs, g1 gc, windows-amd64)
GC Precious Log:
 CPUs: 4 total, 4 available
 Memory: 6049M
 Large Page Support: Disabled
 NUMA Support: Disabled
 Compressed Oops: Enabled (32-bit)
 Heap Region Size: 1M
 Heap Min Capacity: 8M
 Heap Initial Capacity: 96M
 Heap Max Capacity: 2G
 Pre-touch: Disabled
 Parallel Workers: 4
 Concurrent Workers: 1
 Concurrent Refinement Workers: 4
 Periodic GC: Disabled
Heap:
 garbage-first heap   total 215040K, used 117167K [0x0000000080000000, 0x0000000100000000)
  region size 1024K, 6 young (6144K), 6 survivors (6144K)
 Metaspace       used 101460K, committed 102208K, reserved 1179648K
  class space    used 14108K, committed 14464K, reserved 1048576K
GC Heap History (20 events):
Event: 15.121 GC heap after
{Heap after GC invocations=32 (full 0):
 garbage-first heap   total 142336K, used 67762K [0x0000000080000000, 0x0000000100000000)
  region size 1024K, 4 young (4096K), 4 survivors (4096K)
 Metaspace       used 67415K, committed 68032K, reserved 1114112K
  class space    used 9176K, committed 9472K, reserved 1048576K
}
Event: 15.157 GC heap before
{Heap before GC invocations=32 (full 0):
 garbage-first heap   total 142336K, used 69810K [0x0000000080000000, 0x0000000100000000)
  region size 1024K, 6 young (6144K), 4 survivors (4096K)
 Metaspace       used 67580K, committed 68160K, reserved 1114112K
  class space    used 9192K, committed 9472K, reserved 1048576K
}
Event: 15.162 GC heap after
{Heap after GC invocations=33 (full 0):
 garbage-first heap   total 215040K, used 67581K [0x0000000080000000, 0x0000000100000000)
  region size 1024K, 1 young (1024K), 1 survivors (1024K)
 Metaspace       used 67580K, committed 68160K, reserved 1114112K
  class space    used 9192K, committed 9472K, reserved 1048576K
}
Event: 16.486 GC heap before
{Heap before GC invocations=33 (full 0):
 garbage-first heap   total 215040K, used 144381K [0x0000000080000000, 0x0000000100000000)
  region size 1024K, 73 young (74752K), 1 survivors (1024K)
 Metaspace       used 73679K, committed 74304K, reserved 1114112K
  class space    used 10023K, committed 10304K, reserved 1048576K
}
Event: 16.496 GC heap after
{Heap after GC invocations=34 (full 0):
 garbage-first heap   total 215040K, used 75735K [0x0000000080000000, 0x0000000100000000)
  region size 1024K, 5 young (5120K), 5 survivors (5120K)
 Metaspace       used 73679K, committed 74304K, reserved 1114112K
  class space    used 10023K, committed 10304K, reserved 1048576K
}
Event: 18.075 GC heap before
{Heap before GC invocations=34 (full 0):
 garbage-first heap   total 215040K, used 159703K [0x0000000080000000, 0x0000000100000000)
  region size 1024K, 88 young (90112K), 5 survivors (5120K)
 Metaspace       used 79692K, committed 80320K, reserved 1179648K
  class space    used 10833K, committed 11136K, reserved 1048576K
}
Event: 18.093 GC heap after
{Heap after GC invocations=35 (full 0):
 garbage-first heap   total 215040K, used 82406K [0x0000000080000000, 0x0000000100000000)
  region size 1024K, 11 young (11264K), 11 survivors (11264K)
 Metaspace       used 79692K, committed 80320K, reserved 1179648K
  class space    used 10833K, committed 11136K, reserved 1048576K
}
Event: 19.557 GC heap before
{Heap before GC invocations=35 (full 0):
 garbage-first heap   total 215040K, used 164326K [0x0000000080000000, 0x0000000100000000)
  region size 1024K, 91 young (93184K), 11 survivors (11264K)
 Metaspace       used 85361K, committed 86016K, reserved 1179648K
  class space    used 11806K, committed 12096K, reserved 1048576K
}
Event: 19.580 GC heap after
{Heap after GC invocations=36 (full 0):
 garbage-first heap   total 215040K, used 85448K [0x0000000080000000, 0x0000000100000000)
  region size 1024K, 3 young (3072K), 3 survivors (3072K)
 Metaspace       used 85361K, committed 86016K, reserved 1179648K
  class space    used 11806K, committed 12096K, reserved 1048576K
}
Event: 20.969 GC heap before
{Heap before GC invocations=36 (full 0):
 garbage-first heap   total 215040K, used 169416K [0x0000000080000000, 0x0000000100000000)
  region size 1024K, 85 young (87040K), 3 survivors (3072K)
 Metaspace       used 91540K, committed 92224K, reserved 1179648K
  class space    used 12723K, committed 13056K, reserved 1048576K
}
Event: 20.984 GC heap after
{Heap after GC invocations=37 (full 0):
 garbage-first heap   total 215040K, used 89544K [0x0000000080000000, 0x0000000100000000)
  region size 1024K, 7 young (7168K), 7 survivors (7168K)
 Metaspace       used 91540K, committed 92224K, reserved 1179648K
  class space    used 12723K, committed 13056K, reserved 1048576K
}
Event: 22.345 GC heap before
{Heap before GC invocations=37 (full 0):
 garbage-first heap   total 215040K, used 172488K [0x0000000080000000, 0x0000000100000000)
  region size 1024K, 88 young (90112K), 7 survivors (7168K)
 Metaspace       used 97948K, committed 98688K, reserved 1179648K
  class space    used 13632K, committed 13952K, reserved 1048576K
}
Event: 22.362 GC heap after
{Heap after GC invocations=38 (full 0):
 garbage-first heap   total 215040K, used 94518K [0x0000000080000000, 0x0000000100000000)
  region size 1024K, 9 young (9216K), 9 survivors (9216K)
 Metaspace       used 97948K, committed 98688K, reserved 1179648K
  class space    used 13632K, committed 13952K, reserved 1048576K
}
Event: 23.659 GC heap before
{Heap before GC invocations=38 (full 0):
 garbage-first heap   total 215040K, used 174390K [0x0000000080000000, 0x0000000100000000)
  region size 1024K, 87 young (89088K), 9 survivors (9216K)
 Metaspace       used 100420K, committed 101248K, reserved 1179648K
  class space    used 14024K, committed 14400K, reserved 1048576K
}
Event: 23.686 GC heap after
{Heap after GC invocations=39 (full 0):
 garbage-first heap   total 215040K, used 103508K [0x0000000080000000, 0x0000000100000000)
  region size 1024K, 11 young (11264K), 11 survivors (11264K)
 Metaspace       used 100420K, committed 101248K, reserved 1179648K
  class space    used 14024K, committed 14400K, reserved 1048576K
}
Event: 24.622 GC heap before
{Heap before GC invocations=39 (full 0):
 garbage-first heap   total 215040K, used 171092K [0x0000000080000000, 0x0000000100000000)
  region size 1024K, 78 young (79872K), 11 survivors (11264K)
 Metaspace       used 101049K, committed 101760K, reserved 1179648K
  class space    used 14067K, committed 14400K, reserved 1048576K
}
Event: 24.652 GC heap after
{Heap after GC invocations=40 (full 0):
 garbage-first heap   total 215040K, used 108709K [0x0000000080000000, 0x0000000100000000)
  region size 1024K, 7 young (7168K), 7 survivors (7168K)
 Metaspace       used 101049K, committed 101760K, reserved 1179648K
  class space    used 14067K, committed 14400K, reserved 1048576K
}
Event: 25.250 GC heap before
{Heap before GC invocations=40 (full 0):
 garbage-first heap   total 215040K, used 172197K [0x0000000080000000, 0x0000000100000000)
  region size 1024K, 70 young (71680K), 7 survivors (7168K)
 Metaspace       used 101275K, committed 102080K, reserved 1179648K
  class space    used 14080K, committed 14464K, reserved 1048576K
}
Event: 25.270 GC heap after
{Heap after GC invocations=41 (full 0):
 garbage-first heap   total 215040K, used 113677K [0x0000000080000000, 0x0000000100000000)
  region size 1024K, 7 young (7168K), 7 survivors (7168K)
 Metaspace       used 101275K, committed 102080K, reserved 1179648K
  class space    used 14080K, committed 14464K, reserved 1048576K
}
Event: 25.754 GC heap before
{Heap before GC invocations=41 (full 0):
 garbage-first heap   total 215040K, used 173069K [0x0000000080000000, 0x0000000100000000)
  region size 1024K, 66 young (67584K), 7 survivors (7168K)
 Metaspace       used 101460K, committed 102208K, reserved 1179648K
  class space    used 14108K, committed 14464K, reserved 1048576K
}

