# JRE version: OpenJDK Runtime Environment (17.0.9) (build 17.0.9+0--11185874)
# Java VM: OpenJDK 64-Bit Server VM (17.0.9+0--11185874, mixed mode, tiered, compressed oops, compressed class ptrs, g1 gc, windows-amd64)
GC Precious Log:
 CPUs: 4 total, 4 available
 Memory: 6049M
 Large Page Support: Disabled
 NUMA Support: Disabled
 Compressed Oops: Enabled (32-bit)
 Heap Region Size: 1M
 Heap Min Capacity: 8M
 Heap Initial Capacity: 96M
 Heap Max Capacity: 2G
 Pre-touch: Disabled
 Parallel Workers: 4
 Concurrent Workers: 1
 Concurrent Refinement Workers: 4
 Periodic GC: Disabled
Heap:
 garbage-first heap   total 376832K, used 172005K [0x0000000080000000, 0x0000000100000000)
  region size 1024K, 19 young (19456K), 8 survivors (8192K)
 Metaspace       used 117579K, committed 118464K, reserved 1179648K
  class space    used 15948K, committed 16384K, reserved 1048576K
GC Heap History (20 events):
Event: 27.648 GC heap before
{Heap before GC invocations=40 (full 0):
 garbage-first heap   total 208896K, used 155010K [0x0000000080000000, 0x0000000100000000)
  region size 1024K, 46 young (47104K), 8 survivors (8192K)
 Metaspace       used 105269K, committed 106048K, reserved 1179648K
  class space    used 14507K, committed 14912K, reserved 1048576K
}
Event: 27.685 GC heap after
{Heap after GC invocations=41 (full 0):
 garbage-first heap   total 208896K, used 128000K [0x0000000080000000, 0x0000000100000000)
  region size 1024K, 6 young (6144K), 6 survivors (6144K)
 Metaspace       used 105269K, committed 106048K, reserved 1179648K
  class space    used 14507K, committed 14912K, reserved 1048576K
}
Event: 27.789 GC heap before
{Heap before GC invocations=41 (full 0):
 garbage-first heap   total 208896K, used 131072K [0x0000000080000000, 0x0000000100000000)
  region size 1024K, 10 young (10240K), 6 survivors (6144K)
 Metaspace       used 105715K, committed 106432K, reserved 1179648K
  class space    used 14562K, committed 14912K, reserved 1048576K
}
Event: 27.808 GC heap after
{Heap after GC invocations=42 (full 0):
 garbage-first heap   total 250880K, used 128466K [0x0000000080000000, 0x0000000100000000)
  region size 1024K, 1 young (1024K), 1 survivors (1024K)
 Metaspace       used 105715K, committed 106432K, reserved 1179648K
  class space    used 14562K, committed 14912K, reserved 1048576K
}
Event: 29.214 GC heap before
{Heap before GC invocations=42 (full 0):
 garbage-first heap   total 250880K, used 214482K [0x0000000080000000, 0x0000000100000000)
  region size 1024K, 58 young (59392K), 1 survivors (1024K)
 Metaspace       used 108946K, committed 109760K, reserved 1179648K
  class space    used 14919K, committed 15296K, reserved 1048576K
}
Event: 29.232 GC heap after
{Heap after GC invocations=43 (full 0):
 garbage-first heap   total 250880K, used 133462K [0x0000000080000000, 0x0000000100000000)
  region size 1024K, 6 young (6144K), 6 survivors (6144K)
 Metaspace       used 108946K, committed 109760K, reserved 1179648K
  class space    used 14919K, committed 15296K, reserved 1048576K
}
Event: 30.664 GC heap before
{Heap before GC invocations=43 (full 0):
 garbage-first heap   total 250880K, used 190806K [0x0000000080000000, 0x0000000100000000)
  region size 1024K, 63 young (64512K), 6 survivors (6144K)
 Metaspace       used 109225K, committed 110016K, reserved 1179648K
  class space    used 14930K, committed 15296K, reserved 1048576K
}
Event: 30.680 GC heap after
{Heap after GC invocations=44 (full 0):
 garbage-first heap   total 250880K, used 137753K [0x0000000080000000, 0x0000000100000000)
  region size 1024K, 5 young (5120K), 5 survivors (5120K)
 Metaspace       used 109225K, committed 110016K, reserved 1179648K
  class space    used 14930K, committed 15296K, reserved 1048576K
}
Event: 31.345 GC heap before
{Heap before GC invocations=44 (full 0):
 garbage-first heap   total 250880K, used 195097K [0x0000000080000000, 0x0000000100000000)
  region size 1024K, 62 young (63488K), 5 survivors (5120K)
 Metaspace       used 110519K, committed 111360K, reserved 1179648K
  class space    used 15097K, committed 15488K, reserved 1048576K
}
Event: 31.360 GC heap after
{Heap after GC invocations=45 (full 0):
 garbage-first heap   total 250880K, used 144594K [0x0000000080000000, 0x0000000100000000)
  region size 1024K, 8 young (8192K), 8 survivors (8192K)
 Metaspace       used 110519K, committed 111360K, reserved 1179648K
  class space    used 15097K, committed 15488K, reserved 1048576K
}
Event: 32.358 GC heap before
{Heap before GC invocations=45 (full 0):
 garbage-first heap   total 250880K, used 196818K [0x0000000080000000, 0x0000000100000000)
  region size 1024K, 60 young (61440K), 8 survivors (8192K)
 Metaspace       used 111443K, committed 112256K, reserved 1179648K
  class space    used 15205K, committed 15616K, reserved 1048576K
}
Event: 32.379 GC heap after
{Heap after GC invocations=46 (full 0):
 garbage-first heap   total 250880K, used 149908K [0x0000000080000000, 0x0000000100000000)
  region size 1024K, 7 young (7168K), 7 survivors (7168K)
 Metaspace       used 111443K, committed 112256K, reserved 1179648K
  class space    used 15205K, committed 15616K, reserved 1048576K
}
Event: 33.238 GC heap before
{Heap before GC invocations=46 (full 0):
 garbage-first heap   total 250880K, used 200084K [0x0000000080000000, 0x0000000100000000)
  region size 1024K, 57 young (58368K), 7 survivors (7168K)
 Metaspace       used 111696K, committed 112512K, reserved 1179648K
  class space    used 15235K, committed 15616K, reserved 1048576K
}
Event: 33.251 GC heap after
{Heap after GC invocations=47 (full 0):
 garbage-first heap   total 250880K, used 152475K [0x0000000080000000, 0x0000000100000000)
  region size 1024K, 5 young (5120K), 5 survivors (5120K)
 Metaspace       used 111696K, committed 112512K, reserved 1179648K
  class space    used 15235K, committed 15616K, reserved 1048576K
}
Event: 35.624 GC heap before
{Heap before GC invocations=47 (full 0):
 garbage-first heap   total 250880K, used 202651K [0x0000000080000000, 0x0000000100000000)
  region size 1024K, 55 young (56320K), 5 survivors (5120K)
 Metaspace       used 111818K, committed 112576K, reserved 1179648K
  class space    used 15246K, committed 15616K, reserved 1048576K
}
Event: 35.639 GC heap after
{Heap after GC invocations=48 (full 0):
 garbage-first heap   total 250880K, used 156846K [0x0000000080000000, 0x0000000100000000)
  region size 1024K, 6 young (6144K), 6 survivors (6144K)
 Metaspace       used 111818K, committed 112576K, reserved 1179648K
  class space    used 15246K, committed 15616K, reserved 1048576K
}
Event: 36.117 GC heap before
{Heap before GC invocations=48 (full 0):
 garbage-first heap   total 250880K, used 203950K [0x0000000080000000, 0x0000000100000000)
  region size 1024K, 53 young (54272K), 6 survivors (6144K)
 Metaspace       used 112226K, committed 113024K, reserved 1179648K
  class space    used 15289K, committed 15680K, reserved 1048576K
}
Event: 36.133 GC heap after
{Heap after GC invocations=49 (full 0):
 garbage-first heap   total 250880K, used 156358K [0x0000000080000000, 0x0000000100000000)
  region size 1024K, 3 young (3072K), 3 survivors (3072K)
 Metaspace       used 112226K, committed 113024K, reserved 1179648K
  class space    used 15289K, committed 15680K, reserved 1048576K
}
Event: 36.768 GC heap before
{Heap before GC invocations=49 (full 0):
 garbage-first heap   total 250880K, used 205510K [0x0000000080000000, 0x0000000100000000)
  region size 1024K, 52 young (53248K), 3 survivors (3072K)
 Metaspace       used 113174K, committed 113984K, reserved 1179648K
  class space    used 15382K, committed 15808K, reserved 1048576K
}
Event: 36.780 GC heap after
{Heap after GC invocations=50 (full 0):
 garbage-first heap   total 376832K, used 158489K [0x0000000080000000, 0x0000000100000000)
  region size 1024K, 5 young (5120K), 5 survivors (5120K)
 Metaspace       used 113174K, committed 113984K, reserved 1179648K
  class space    used 15382K, committed 15808K, reserved 1048576K
}

