# JRE version: OpenJDK Runtime Environment (17.0.9) (build 17.0.9+0--11185874)
# Java VM: OpenJDK 64-Bit Server VM (17.0.9+0--11185874, mixed mode, tiered, compressed oops, compressed class ptrs, g1 gc, windows-amd64)
GC Precious Log:
 CPUs: 4 total, 4 available
 Memory: 6049M
 Large Page Support: Disabled
 NUMA Support: Disabled
 Compressed Oops: Enabled (32-bit)
 Heap Region Size: 1M
 Heap Min Capacity: 8M
 Heap Initial Capacity: 96M
 Heap Max Capacity: 2G
 Pre-touch: Disabled
 Parallel Workers: 4
 Concurrent Workers: 1
 Concurrent Refinement Workers: 4
 Periodic GC: Disabled
Heap:
 garbage-first heap   total 438272K, used 256989K [0x0000000080000000, 0x0000000100000000)
  region size 1024K, 3 young (3072K), 3 survivors (3072K)
 Metaspace       used 161574K, committed 163648K, reserved 1245184K
  class space    used 21280K, committed 22272K, reserved 1048576K
GC Heap History (20 events):
Event: 9676.341 GC heap after
{Heap after GC invocations=66 (full 1):
 garbage-first heap   total 438272K, used 193008K [0x0000000080000000, 0x0000000100000000)
  region size 1024K, 12 young (12288K), 12 survivors (12288K)
 Metaspace       used 158805K, committed 160832K, reserved 1245184K
  class space    used 21134K, committed 22144K, reserved 1048576K
}
Event: 9678.990 GC heap before
{Heap before GC invocations=66 (full 1):
 garbage-first heap   total 438272K, used 323056K [0x0000000080000000, 0x0000000100000000)
  region size 1024K, 136 young (139264K), 12 survivors (12288K)
 Metaspace       used 160424K, committed 162496K, reserved 1245184K
  class space    used 21221K, committed 22208K, reserved 1048576K
}
Event: 9679.033 GC heap after
{Heap after GC invocations=67 (full 1):
 garbage-first heap   total 438272K, used 203753K [0x0000000080000000, 0x0000000100000000)
  region size 1024K, 15 young (15360K), 15 survivors (15360K)
 Metaspace       used 160424K, committed 162496K, reserved 1245184K
  class space    used 21221K, committed 22208K, reserved 1048576K
}
Event: 9680.469 GC heap before
{Heap before GC invocations=67 (full 1):
 garbage-first heap   total 438272K, used 329705K [0x0000000080000000, 0x0000000100000000)
  region size 1024K, 135 young (138240K), 15 survivors (15360K)
 Metaspace       used 160581K, committed 162688K, reserved 1245184K
  class space    used 21229K, committed 22272K, reserved 1048576K
}
Event: 9680.481 GC heap after
{Heap after GC invocations=68 (full 1):
 garbage-first heap   total 438272K, used 196406K [0x0000000080000000, 0x0000000100000000)
  region size 1024K, 3 young (3072K), 3 survivors (3072K)
 Metaspace       used 160581K, committed 162688K, reserved 1245184K
  class space    used 21229K, committed 22272K, reserved 1048576K
}
Event: 9843.250 GC heap before
{Heap before GC invocations=68 (full 1):
 garbage-first heap   total 438272K, used 377654K [0x0000000080000000, 0x0000000100000000)
  region size 1024K, 137 young (140288K), 3 survivors (3072K)
 Metaspace       used 160646K, committed 162752K, reserved 1245184K
  class space    used 21229K, committed 22272K, reserved 1048576K
}
Event: 9843.378 GC heap after
{Heap after GC invocations=69 (full 1):
 garbage-first heap   total 438272K, used 208400K [0x0000000080000000, 0x0000000100000000)
  region size 1024K, 15 young (15360K), 15 survivors (15360K)
 Metaspace       used 160646K, committed 162752K, reserved 1245184K
  class space    used 21229K, committed 22272K, reserved 1048576K
}
Event: 10400.936 GC heap before
{Heap before GC invocations=69 (full 1):
 garbage-first heap   total 438272K, used 384528K [0x0000000080000000, 0x0000000100000000)
  region size 1024K, 143 young (146432K), 15 survivors (15360K)
 Metaspace       used 160734K, committed 162816K, reserved 1245184K
  class space    used 21229K, committed 22272K, reserved 1048576K
}
Event: 10402.184 GC heap after
{Heap after GC invocations=70 (full 1):
 garbage-first heap   total 438272K, used 226520K [0x0000000080000000, 0x0000000100000000)
  region size 1024K, 17 young (17408K), 17 survivors (17408K)
 Metaspace       used 160734K, committed 162816K, reserved 1245184K
  class space    used 21229K, committed 22272K, reserved 1048576K
}
Event: 10402.321 GC heap before
{Heap before GC invocations=70 (full 1):
 garbage-first heap   total 438272K, used 230616K [0x0000000080000000, 0x0000000100000000)
  region size 1024K, 21 young (21504K), 17 survivors (17408K)
 Metaspace       used 160734K, committed 162816K, reserved 1245184K
  class space    used 21229K, committed 22272K, reserved 1048576K
}
Event: 10402.670 GC heap after
{Heap after GC invocations=71 (full 1):
 garbage-first heap   total 438272K, used 226736K [0x0000000080000000, 0x0000000100000000)
  region size 1024K, 3 young (3072K), 3 survivors (3072K)
 Metaspace       used 160734K, committed 162816K, reserved 1245184K
  class space    used 21229K, committed 22272K, reserved 1048576K
}
Event: 10404.973 GC heap before
{Heap before GC invocations=71 (full 1):
 garbage-first heap   total 438272K, used 244144K [0x0000000080000000, 0x0000000100000000)
  region size 1024K, 21 young (21504K), 3 survivors (3072K)
 Metaspace       used 160793K, committed 162880K, reserved 1245184K
  class space    used 21235K, committed 22272K, reserved 1048576K
}
Event: 10405.120 GC heap after
{Heap after GC invocations=72 (full 1):
 garbage-first heap   total 438272K, used 237552K [0x0000000080000000, 0x0000000100000000)
  region size 1024K, 3 young (3072K), 3 survivors (3072K)
 Metaspace       used 160793K, committed 162880K, reserved 1245184K
  class space    used 21235K, committed 22272K, reserved 1048576K
}
Event: 10406.496 GC heap before
{Heap before GC invocations=72 (full 1):
 garbage-first heap   total 438272K, used 255984K [0x0000000080000000, 0x0000000100000000)
  region size 1024K, 21 young (21504K), 3 survivors (3072K)
 Metaspace       used 160806K, committed 162880K, reserved 1245184K
  class space    used 21236K, committed 22272K, reserved 1048576K
}
Event: 10406.574 GC heap after
{Heap after GC invocations=73 (full 1):
 garbage-first heap   total 438272K, used 240999K [0x0000000080000000, 0x0000000100000000)
  region size 1024K, 3 young (3072K), 3 survivors (3072K)
 Metaspace       used 160806K, committed 162880K, reserved 1245184K
  class space    used 21236K, committed 22272K, reserved 1048576K
}
Event: 10407.998 GC heap before
{Heap before GC invocations=73 (full 1):
 garbage-first heap   total 438272K, used 266599K [0x0000000080000000, 0x0000000100000000)
  region size 1024K, 21 young (21504K), 3 survivors (3072K)
 Metaspace       used 160912K, committed 162944K, reserved 1245184K
  class space    used 21242K, committed 22272K, reserved 1048576K
}
Event: 10408.026 GC heap after
{Heap after GC invocations=74 (full 1):
 garbage-first heap   total 438272K, used 246231K [0x0000000080000000, 0x0000000100000000)
  region size 1024K, 3 young (3072K), 3 survivors (3072K)
 Metaspace       used 160912K, committed 162944K, reserved 1245184K
  class space    used 21242K, committed 22272K, reserved 1048576K
}
Event: 10408.434 GC heap before
{Heap before GC invocations=74 (full 1):
 garbage-first heap   total 438272K, used 275927K [0x0000000080000000, 0x0000000100000000)
  region size 1024K, 25 young (25600K), 3 survivors (3072K)
 Metaspace       used 160974K, committed 163072K, reserved 1245184K
  class space    used 21244K, committed 22272K, reserved 1048576K
}
Event: 10408.495 GC heap after
{Heap after GC invocations=75 (full 1):
 garbage-first heap   total 438272K, used 258385K [0x0000000080000000, 0x0000000100000000)
  region size 1024K, 4 young (4096K), 4 survivors (4096K)
 Metaspace       used 160974K, committed 163072K, reserved 1245184K
  class space    used 21244K, committed 22272K, reserved 1048576K
}
Event: 10410.492 GC heap before
{Heap before GC invocations=75 (full 1):
 garbage-first heap   total 438272K, used 303441K [0x0000000080000000, 0x0000000100000000)
  region size 1024K, 28 young (28672K), 4 survivors (4096K)
 Metaspace       used 161574K, committed 163648K, reserved 1245184K
  class space    used 21280K, committed 22272K, reserved 1048576K
}

