# JRE version: OpenJDK Runtime Environment (17.0.9) (build 17.0.9+0--11185874)
# Java VM: OpenJDK 64-Bit Server VM (17.0.9+0--11185874, mixed mode, tiered, compressed oops, compressed class ptrs, g1 gc, windows-amd64)
GC Precious Log:
 CPUs: 4 total, 4 available
 Memory: 6049M
 Large Page Support: Disabled
 NUMA Support: Disabled
 Compressed Oops: Enabled (32-bit)
 Heap Region Size: 1M
 Heap Min Capacity: 8M
 Heap Initial Capacity: 96M
 Heap Max Capacity: 2G
 Pre-touch: Disabled
 Parallel Workers: 4
 Concurrent Workers: 1
 Concurrent Refinement Workers: 4
 Periodic GC: Disabled
Heap:
 garbage-first heap   total 180224K, used 94824K [0x0000000080000000, 0x0000000100000000)
  region size 1024K, 5 young (5120K), 5 survivors (5120K)
 Metaspace       used 99337K, committed 100096K, reserved 1179648K
  class space    used 13897K, committed 14272K, reserved 1048576K
GC Heap History (20 events):
Event: 12.469 GC heap after
{Heap after GC invocations=25 (full 0):
 garbage-first heap   total 180224K, used 62586K [0x0000000080000000, 0x0000000100000000)
  region size 1024K, 2 young (2048K), 2 survivors (2048K)
 Metaspace       used 64438K, committed 65088K, reserved 1114112K
  class space    used 8782K, committed 9088K, reserved 1048576K
}
Event: 12.589 GC heap before
{Heap before GC invocations=25 (full 0):
 garbage-first heap   total 180224K, used 68730K [0x0000000080000000, 0x0000000100000000)
  region size 1024K, 8 young (8192K), 2 survivors (2048K)
 Metaspace       used 64980K, committed 65600K, reserved 1114112K
  class space    used 8867K, committed 9152K, reserved 1048576K
}
Event: 12.594 GC heap after
{Heap after GC invocations=26 (full 0):
 garbage-first heap   total 180224K, used 62465K [0x0000000080000000, 0x0000000100000000)
  region size 1024K, 1 young (1024K), 1 survivors (1024K)
 Metaspace       used 64980K, committed 65600K, reserved 1114112K
  class space    used 8867K, committed 9152K, reserved 1048576K
}
Event: 14.114 GC heap before
{Heap before GC invocations=26 (full 0):
 garbage-first heap   total 180224K, used 133121K [0x0000000080000000, 0x0000000100000000)
  region size 1024K, 64 young (65536K), 1 survivors (1024K)
 Metaspace       used 69719K, committed 70336K, reserved 1114112K
  class space    used 9474K, committed 9792K, reserved 1048576K
}
Event: 14.122 GC heap after
{Heap after GC invocations=27 (full 0):
 garbage-first heap   total 180224K, used 67994K [0x0000000080000000, 0x0000000100000000)
  region size 1024K, 6 young (6144K), 6 survivors (6144K)
 Metaspace       used 69719K, committed 70336K, reserved 1114112K
  class space    used 9474K, committed 9792K, reserved 1048576K
}
Event: 15.388 GC heap before
{Heap before GC invocations=27 (full 0):
 garbage-first heap   total 180224K, used 129434K [0x0000000080000000, 0x0000000100000000)
  region size 1024K, 63 young (64512K), 6 survivors (6144K)
 Metaspace       used 75484K, committed 76096K, reserved 1179648K
  class space    used 10274K, committed 10560K, reserved 1048576K
}
Event: 15.399 GC heap after
{Heap after GC invocations=28 (full 0):
 garbage-first heap   total 180224K, used 76024K [0x0000000080000000, 0x0000000100000000)
  region size 1024K, 4 young (4096K), 4 survivors (4096K)
 Metaspace       used 75484K, committed 76096K, reserved 1179648K
  class space    used 10274K, committed 10560K, reserved 1048576K
}
Event: 16.512 GC heap before
{Heap before GC invocations=28 (full 0):
 garbage-first heap   total 180224K, used 132344K [0x0000000080000000, 0x0000000100000000)
  region size 1024K, 59 young (60416K), 4 survivors (4096K)
 Metaspace       used 79697K, committed 80320K, reserved 1179648K
  class space    used 10833K, committed 11136K, reserved 1048576K
}
Event: 16.525 GC heap after
{Heap after GC invocations=29 (full 0):
 garbage-first heap   total 180224K, used 80176K [0x0000000080000000, 0x0000000100000000)
  region size 1024K, 8 young (8192K), 8 survivors (8192K)
 Metaspace       used 79697K, committed 80320K, reserved 1179648K
  class space    used 10833K, committed 11136K, reserved 1048576K
}
Event: 17.433 GC heap before
{Heap before GC invocations=29 (full 0):
 garbage-first heap   total 180224K, used 136496K [0x0000000080000000, 0x0000000100000000)
  region size 1024K, 63 young (64512K), 8 survivors (8192K)
 Metaspace       used 82543K, committed 83200K, reserved 1179648K
  class space    used 11221K, committed 11520K, reserved 1048576K
}
Event: 17.448 GC heap after
{Heap after GC invocations=30 (full 0):
 garbage-first heap   total 180224K, used 84236K [0x0000000080000000, 0x0000000100000000)
  region size 1024K, 5 young (5120K), 5 survivors (5120K)
 Metaspace       used 82543K, committed 83200K, reserved 1179648K
  class space    used 11221K, committed 11520K, reserved 1048576K
}
Event: 18.892 GC heap before
{Heap before GC invocations=30 (full 0):
 garbage-first heap   total 180224K, used 138508K [0x0000000080000000, 0x0000000100000000)
  region size 1024K, 58 young (59392K), 5 survivors (5120K)
 Metaspace       used 86454K, committed 87104K, reserved 1179648K
  class space    used 11960K, committed 12288K, reserved 1048576K
}
Event: 18.902 GC heap after
{Heap after GC invocations=31 (full 0):
 garbage-first heap   total 180224K, used 86007K [0x0000000080000000, 0x0000000100000000)
  region size 1024K, 3 young (3072K), 3 survivors (3072K)
 Metaspace       used 86454K, committed 87104K, reserved 1179648K
  class space    used 11960K, committed 12288K, reserved 1048576K
}
Event: 19.937 GC heap before
{Heap before GC invocations=31 (full 0):
 garbage-first heap   total 180224K, used 142327K [0x0000000080000000, 0x0000000100000000)
  region size 1024K, 58 young (59392K), 3 survivors (3072K)
 Metaspace       used 90738K, committed 91456K, reserved 1179648K
  class space    used 12601K, committed 12928K, reserved 1048576K
}
Event: 19.949 GC heap after
{Heap after GC invocations=32 (full 0):
 garbage-first heap   total 180224K, used 88726K [0x0000000080000000, 0x0000000100000000)
  region size 1024K, 5 young (5120K), 5 survivors (5120K)
 Metaspace       used 90738K, committed 91456K, reserved 1179648K
  class space    used 12601K, committed 12928K, reserved 1048576K
}
Event: 21.045 GC heap before
{Heap before GC invocations=33 (full 0):
 garbage-first heap   total 180224K, used 145046K [0x0000000080000000, 0x0000000100000000)
  region size 1024K, 60 young (61440K), 5 survivors (5120K)
 Metaspace       used 95518K, committed 96192K, reserved 1179648K
  class space    used 13328K, committed 13696K, reserved 1048576K
}
Event: 21.061 GC heap after
{Heap after GC invocations=34 (full 0):
 garbage-first heap   total 180224K, used 91160K [0x0000000080000000, 0x0000000100000000)
  region size 1024K, 6 young (6144K), 6 survivors (6144K)
 Metaspace       used 95518K, committed 96192K, reserved 1179648K
  class space    used 13328K, committed 13696K, reserved 1048576K
}
Event: 21.117 GC heap before
{Heap before GC invocations=34 (full 0):
 garbage-first heap   total 180224K, used 93208K [0x0000000080000000, 0x0000000100000000)
  region size 1024K, 8 young (8192K), 6 survivors (6144K)
 Metaspace       used 95796K, committed 96512K, reserved 1179648K
  class space    used 13358K, committed 13696K, reserved 1048576K
}
Event: 21.127 GC heap after
{Heap after GC invocations=35 (full 0):
 garbage-first heap   total 180224K, used 91228K [0x0000000080000000, 0x0000000100000000)
  region size 1024K, 1 young (1024K), 1 survivors (1024K)
 Metaspace       used 95796K, committed 96512K, reserved 1179648K
  class space    used 13358K, committed 13696K, reserved 1048576K
}
Event: 22.118 GC heap before
{Heap before GC invocations=35 (full 0):
 garbage-first heap   total 180224K, used 146524K [0x0000000080000000, 0x0000000100000000)
  region size 1024K, 55 young (56320K), 1 survivors (1024K)
 Metaspace       used 99337K, committed 100096K, reserved 1179648K
  class space    used 13897K, committed 14272K, reserved 1048576K
}

