# JRE version: OpenJDK Runtime Environment (17.0.9) (build 17.0.9+0--11185874)
# Java VM: OpenJDK 64-Bit Server VM (17.0.9+0--11185874, mixed mode, tiered, compressed oops, compressed class ptrs, g1 gc, windows-amd64)
GC Precious Log:
 CPUs: 4 total, 4 available
 Memory: 6049M
 Large Page Support: Disabled
 NUMA Support: Disabled
 Compressed Oops: Enabled (32-bit)
 Heap Region Size: 1M
 Heap Min Capacity: 8M
 Heap Initial Capacity: 96M
 Heap Max Capacity: 1514M
 Pre-touch: Disabled
 Parallel Workers: 4
 Concurrent Workers: 1
 Concurrent Refinement Workers: 4
 Periodic GC: Disabled
Heap:
 garbage-first heap   total 69632K, used 29347K [0x00000000a1600000, 0x0000000100000000)
  region size 1024K, 2 young (2048K), 2 survivors (2048K)
 Metaspace       used 49492K, committed 49792K, reserved 1114112K
  class space    used 6015K, committed 6144K, reserved 1048576K
GC Heap History (20 events):
Event: 1.602 GC heap after
{Heap after GC invocations=3 (full 0):
 garbage-first heap   total 98304K, used 10587K [0x00000000a1600000, 0x0000000100000000)
  region size 1024K, 5 young (5120K), 5 survivors (5120K)
 Metaspace       used 21375K, committed 21504K, reserved 1114112K
  class space    used 2330K, committed 2432K, reserved 1048576K
}
Event: 2.246 GC heap before
{Heap before GC invocations=4 (full 0):
 garbage-first heap   total 45056K, used 32091K [0x00000000a1600000, 0x0000000100000000)
  region size 1024K, 26 young (26624K), 5 survivors (5120K)
 Metaspace       used 28333K, committed 28480K, reserved 1114112K
  class space    used 3517K, committed 3584K, reserved 1048576K
}
Event: 2.256 GC heap after
{Heap after GC invocations=5 (full 0):
 garbage-first heap   total 45056K, used 11628K [0x00000000a1600000, 0x0000000100000000)
  region size 1024K, 2 young (2048K), 2 survivors (2048K)
 Metaspace       used 28333K, committed 28480K, reserved 1114112K
  class space    used 3517K, committed 3584K, reserved 1048576K
}
Event: 2.624 GC heap before
{Heap before GC invocations=5 (full 0):
 garbage-first heap   total 45056K, used 33132K [0x00000000a1600000, 0x0000000100000000)
  region size 1024K, 21 young (21504K), 2 survivors (2048K)
 Metaspace       used 29039K, committed 29312K, reserved 1114112K
  class space    used 3555K, committed 3648K, reserved 1048576K
}
Event: 2.637 GC heap after
{Heap after GC invocations=6 (full 0):
 garbage-first heap   total 45056K, used 18927K [0x00000000a1600000, 0x0000000100000000)
  region size 1024K, 3 young (3072K), 3 survivors (3072K)
 Metaspace       used 29039K, committed 29312K, reserved 1114112K
  class space    used 3555K, committed 3648K, reserved 1048576K
}
Event: 2.948 GC heap before
{Heap before GC invocations=6 (full 0):
 garbage-first heap   total 45056K, used 30191K [0x00000000a1600000, 0x0000000100000000)
  region size 1024K, 15 young (15360K), 3 survivors (3072K)
 Metaspace       used 32319K, committed 32512K, reserved 1114112K
  class space    used 4127K, committed 4224K, reserved 1048576K
}
Event: 2.956 GC heap after
{Heap after GC invocations=7 (full 0):
 garbage-first heap   total 54272K, used 20759K [0x00000000a1600000, 0x0000000100000000)
  region size 1024K, 2 young (2048K), 2 survivors (2048K)
 Metaspace       used 32319K, committed 32512K, reserved 1114112K
  class space    used 4127K, committed 4224K, reserved 1048576K
}
Event: 3.872 GC heap before
{Heap before GC invocations=7 (full 0):
 garbage-first heap   total 54272K, used 36119K [0x00000000a1600000, 0x0000000100000000)
  region size 1024K, 18 young (18432K), 2 survivors (2048K)
 Metaspace       used 35626K, committed 35840K, reserved 1114112K
  class space    used 4496K, committed 4608K, reserved 1048576K
}
Event: 3.880 GC heap after
{Heap after GC invocations=8 (full 0):
 garbage-first heap   total 54272K, used 20679K [0x00000000a1600000, 0x0000000100000000)
  region size 1024K, 3 young (3072K), 3 survivors (3072K)
 Metaspace       used 35626K, committed 35840K, reserved 1114112K
  class space    used 4496K, committed 4608K, reserved 1048576K
}
Event: 3.918 GC heap before
{Heap before GC invocations=8 (full 0):
 garbage-first heap   total 54272K, used 21703K [0x00000000a1600000, 0x0000000100000000)
  region size 1024K, 5 young (5120K), 3 survivors (3072K)
 Metaspace       used 35912K, committed 36160K, reserved 1114112K
  class space    used 4523K, committed 4672K, reserved 1048576K
}
Event: 3.923 GC heap after
{Heap after GC invocations=9 (full 0):
 garbage-first heap   total 54272K, used 21363K [0x00000000a1600000, 0x0000000100000000)
  region size 1024K, 1 young (1024K), 1 survivors (1024K)
 Metaspace       used 35912K, committed 36160K, reserved 1114112K
  class space    used 4523K, committed 4672K, reserved 1048576K
}
Event: 4.195 GC heap before
{Heap before GC invocations=10 (full 0):
 garbage-first heap   total 54272K, used 35699K [0x00000000a1600000, 0x0000000100000000)
  region size 1024K, 16 young (16384K), 1 survivors (1024K)
 Metaspace       used 39072K, committed 39296K, reserved 1114112K
  class space    used 4797K, committed 4928K, reserved 1048576K
}
Event: 4.198 GC heap after
{Heap after GC invocations=11 (full 0):
 garbage-first heap   total 54272K, used 22536K [0x00000000a1600000, 0x0000000100000000)
  region size 1024K, 2 young (2048K), 2 survivors (2048K)
 Metaspace       used 39072K, committed 39296K, reserved 1114112K
  class space    used 4797K, committed 4928K, reserved 1048576K
}
Event: 4.214 GC heap before
{Heap before GC invocations=11 (full 0):
 garbage-first heap   total 54272K, used 22536K [0x00000000a1600000, 0x0000000100000000)
  region size 1024K, 3 young (3072K), 2 survivors (2048K)
 Metaspace       used 39269K, committed 39488K, reserved 1114112K
  class space    used 4810K, committed 4928K, reserved 1048576K
}
Event: 4.220 GC heap after
{Heap after GC invocations=12 (full 0):
 garbage-first heap   total 54272K, used 21726K [0x00000000a1600000, 0x0000000100000000)
  region size 1024K, 1 young (1024K), 1 survivors (1024K)
 Metaspace       used 39269K, committed 39488K, reserved 1114112K
  class space    used 4810K, committed 4928K, reserved 1048576K
}
Event: 4.653 GC heap before
{Heap before GC invocations=12 (full 0):
 garbage-first heap   total 54272K, used 38110K [0x00000000a1600000, 0x0000000100000000)
  region size 1024K, 17 young (17408K), 1 survivors (1024K)
 Metaspace       used 43165K, committed 43456K, reserved 1114112K
  class space    used 5228K, committed 5376K, reserved 1048576K
}
Event: 4.657 GC heap after
{Heap after GC invocations=13 (full 0):
 garbage-first heap   total 54272K, used 22934K [0x00000000a1600000, 0x0000000100000000)
  region size 1024K, 2 young (2048K), 2 survivors (2048K)
 Metaspace       used 43165K, committed 43456K, reserved 1114112K
  class space    used 5228K, committed 5376K, reserved 1048576K
}
Event: 5.199 GC heap before
{Heap before GC invocations=14 (full 0):
 garbage-first heap   total 54272K, used 40342K [0x00000000a1600000, 0x0000000100000000)
  region size 1024K, 18 young (18432K), 2 survivors (2048K)
 Metaspace       used 46529K, committed 46784K, reserved 1114112K
  class space    used 5644K, committed 5760K, reserved 1048576K
}
Event: 5.206 GC heap after
{Heap after GC invocations=15 (full 0):
 garbage-first heap   total 54272K, used 27218K [0x00000000a1600000, 0x0000000100000000)
  region size 1024K, 3 young (3072K), 3 survivors (3072K)
 Metaspace       used 46529K, committed 46784K, reserved 1114112K
  class space    used 5644K, committed 5760K, reserved 1048576K
}
Event: 5.582 GC heap before
{Heap before GC invocations=15 (full 0):
 garbage-first heap   total 54272K, used 40530K [0x00000000a1600000, 0x0000000100000000)
  region size 1024K, 16 young (16384K), 3 survivors (3072K)
 Metaspace       used 49492K, committed 49792K, reserved 1114112K
  class space    used 6015K, committed 6144K, reserved 1048576K
}

