# JRE version: OpenJDK Runtime Environment (17.0.9) (build 17.0.9+0--11185874)
# Java VM: OpenJDK 64-Bit Server VM (17.0.9+0--11185874, mixed mode, tiered, compressed oops, compressed class ptrs, g1 gc, windows-amd64)
GC Precious Log:
 CPUs: 4 total, 4 available
 Memory: 6049M
 Large Page Support: Disabled
 NUMA Support: Disabled
 Compressed Oops: Enabled (32-bit)
 Heap Region Size: 1M
 Heap Min Capacity: 8M
 Heap Initial Capacity: 96M
 Heap Max Capacity: 2G
 Pre-touch: Disabled
 Parallel Workers: 4
 Concurrent Workers: 1
 Concurrent Refinement Workers: 4
 Periodic GC: Disabled
Heap:
 garbage-first heap   total 479232K, used 370795K [0x0000000080000000, 0x0000000100000000)
  region size 1024K, 44 young (45056K), 5 survivors (5120K)
 Metaspace       used 126203K, committed 127104K, reserved 1179648K
  class space    used 17071K, committed 17536K, reserved 1048576K
GC Heap History (20 events):
Event: 58.675 GC heap before
{Heap before GC invocations=67 (full 0):
 garbage-first heap   total 402432K, used 281383K [0x0000000080000000, 0x0000000100000000)
  region size 1024K, 77 young (78848K), 11 survivors (11264K)
 Metaspace       used 123212K, committed 124224K, reserved 1179648K
  class space    used 16474K, committed 16960K, reserved 1048576K
}
Event: 58.693 GC heap after
{Heap after GC invocations=68 (full 0):
 garbage-first heap   total 402432K, used 217589K [0x0000000080000000, 0x0000000100000000)
  region size 1024K, 14 young (14336K), 14 survivors (14336K)
 Metaspace       used 123212K, committed 124224K, reserved 1179648K
  class space    used 16474K, committed 16960K, reserved 1048576K
}
Event: 58.722 GC heap before
{Heap before GC invocations=68 (full 0):
 garbage-first heap   total 402432K, used 273909K [0x0000000080000000, 0x0000000100000000)
  region size 1024K, 35 young (35840K), 14 survivors (14336K)
 Metaspace       used 123216K, committed 124224K, reserved 1179648K
  class space    used 16474K, committed 16960K, reserved 1048576K
}
Event: 58.732 GC heap after
{Heap after GC invocations=69 (full 0):
 garbage-first heap   total 402432K, used 244082K [0x0000000080000000, 0x0000000100000000)
  region size 1024K, 9 young (9216K), 9 survivors (9216K)
 Metaspace       used 123216K, committed 124224K, reserved 1179648K
  class space    used 16474K, committed 16960K, reserved 1048576K
}
Event: 58.736 GC heap before
{Heap before GC invocations=69 (full 0):
 garbage-first heap   total 402432K, used 247154K [0x0000000080000000, 0x0000000100000000)
  region size 1024K, 11 young (11264K), 9 survivors (9216K)
 Metaspace       used 123216K, committed 124224K, reserved 1179648K
  class space    used 16474K, committed 16960K, reserved 1048576K
}
Event: 58.739 GC heap after
{Heap after GC invocations=70 (full 0):
 garbage-first heap   total 402432K, used 242148K [0x0000000080000000, 0x0000000100000000)
  region size 1024K, 2 young (2048K), 2 survivors (2048K)
 Metaspace       used 123216K, committed 124224K, reserved 1179648K
  class space    used 16474K, committed 16960K, reserved 1048576K
}
Event: 59.675 GC heap before
{Heap before GC invocations=71 (full 0):
 garbage-first heap   total 411648K, used 301540K [0x0000000080000000, 0x0000000100000000)
  region size 1024K, 71 young (72704K), 2 survivors (2048K)
 Metaspace       used 123508K, committed 124416K, reserved 1179648K
  class space    used 16517K, committed 16960K, reserved 1048576K
}
Event: 59.734 GC heap after
{Heap after GC invocations=72 (full 0):
 garbage-first heap   total 411648K, used 254993K [0x0000000080000000, 0x0000000100000000)
  region size 1024K, 9 young (9216K), 9 survivors (9216K)
 Metaspace       used 123508K, committed 124416K, reserved 1179648K
  class space    used 16517K, committed 16960K, reserved 1048576K
}
Event: 59.939 GC heap before
{Heap before GC invocations=72 (full 0):
 garbage-first heap   total 411648K, used 269329K [0x0000000080000000, 0x0000000100000000)
  region size 1024K, 20 young (20480K), 9 survivors (9216K)
 Metaspace       used 123508K, committed 124416K, reserved 1179648K
  class space    used 16517K, committed 16960K, reserved 1048576K
}
Event: 59.995 GC heap after
{Heap after GC invocations=73 (full 0):
 garbage-first heap   total 411648K, used 252523K [0x0000000080000000, 0x0000000100000000)
  region size 1024K, 3 young (3072K), 3 survivors (3072K)
 Metaspace       used 123508K, committed 124416K, reserved 1179648K
  class space    used 16517K, committed 16960K, reserved 1048576K
}
Event: 60.299 GC heap before
{Heap before GC invocations=73 (full 0):
 garbage-first heap   total 411648K, used 268907K [0x0000000080000000, 0x0000000100000000)
  region size 1024K, 20 young (20480K), 3 survivors (3072K)
 Metaspace       used 123508K, committed 124416K, reserved 1179648K
  class space    used 16517K, committed 16960K, reserved 1048576K
}
Event: 60.330 GC heap after
{Heap after GC invocations=74 (full 0):
 garbage-first heap   total 479232K, used 259691K [0x0000000080000000, 0x0000000100000000)
  region size 1024K, 9 young (9216K), 9 survivors (9216K)
 Metaspace       used 123508K, committed 124416K, reserved 1179648K
  class space    used 16517K, committed 16960K, reserved 1048576K
}
Event: 61.919 GC heap before
{Heap before GC invocations=75 (full 0):
 garbage-first heap   total 479232K, used 316011K [0x0000000080000000, 0x0000000100000000)
  region size 1024K, 66 young (67584K), 9 survivors (9216K)
 Metaspace       used 126141K, committed 127104K, reserved 1179648K
  class space    used 17068K, committed 17536K, reserved 1048576K
}
Event: 62.009 GC heap after
{Heap after GC invocations=76 (full 0):
 garbage-first heap   total 479232K, used 278566K [0x0000000080000000, 0x0000000100000000)
  region size 1024K, 9 young (9216K), 9 survivors (9216K)
 Metaspace       used 126141K, committed 127104K, reserved 1179648K
  class space    used 17068K, committed 17536K, reserved 1048576K
}
Event: 62.469 GC heap before
{Heap before GC invocations=76 (full 0):
 garbage-first heap   total 479232K, used 292902K [0x0000000080000000, 0x0000000100000000)
  region size 1024K, 23 young (23552K), 9 survivors (9216K)
 Metaspace       used 126156K, committed 127104K, reserved 1179648K
  class space    used 17068K, committed 17536K, reserved 1048576K
}
Event: 62.522 GC heap after
{Heap after GC invocations=77 (full 0):
 garbage-first heap   total 479232K, used 281195K [0x0000000080000000, 0x0000000100000000)
  region size 1024K, 3 young (3072K), 3 survivors (3072K)
 Metaspace       used 126156K, committed 127104K, reserved 1179648K
  class space    used 17068K, committed 17536K, reserved 1048576K
}
Event: 63.057 GC heap before
{Heap before GC invocations=77 (full 0):
 garbage-first heap   total 479232K, used 350827K [0x0000000080000000, 0x0000000100000000)
  region size 1024K, 72 young (73728K), 3 survivors (3072K)
 Metaspace       used 126170K, committed 127104K, reserved 1179648K
  class space    used 17068K, committed 17536K, reserved 1048576K
}
Event: 63.157 GC heap after
{Heap after GC invocations=78 (full 0):
 garbage-first heap   total 479232K, used 316523K [0x0000000080000000, 0x0000000100000000)
  region size 1024K, 9 young (9216K), 9 survivors (9216K)
 Metaspace       used 126170K, committed 127104K, reserved 1179648K
  class space    used 17068K, committed 17536K, reserved 1048576K
}
Event: 63.581 GC heap before
{Heap before GC invocations=78 (full 0):
 garbage-first heap   total 479232K, used 348267K [0x0000000080000000, 0x0000000100000000)
  region size 1024K, 40 young (40960K), 9 survivors (9216K)
 Metaspace       used 126179K, committed 127104K, reserved 1179648K
  class space    used 17069K, committed 17536K, reserved 1048576K
}
Event: 63.639 GC heap after
{Heap after GC invocations=79 (full 0):
 garbage-first heap   total 479232K, used 332907K [0x0000000080000000, 0x0000000100000000)
  region size 1024K, 5 young (5120K), 5 survivors (5120K)
 Metaspace       used 126179K, committed 127104K, reserved 1179648K
  class space    used 17069K, committed 17536K, reserved 1048576K
}

