# JRE version: OpenJDK Runtime Environment (17.0.9) (build 17.0.9+0--11185874)
# Java VM: OpenJDK 64-Bit Server VM (17.0.9+0--11185874, mixed mode, tiered, compressed oops, compressed class ptrs, g1 gc, windows-amd64)
GC Precious Log:
 CPUs: 4 total, 4 available
 Memory: 6049M
 Large Page Support: Disabled
 NUMA Support: Disabled
 Compressed Oops: Enabled (32-bit)
 Heap Region Size: 1M
 Heap Min Capacity: 8M
 Heap Initial Capacity: 96M
 Heap Max Capacity: 1514M
 Pre-touch: Disabled
 Parallel Workers: 4
 Concurrent Workers: 1
 Concurrent Refinement Workers: 4
 Periodic GC: Disabled
Heap:
 garbage-first heap   total 98304K, used 44032K [0x00000000a1600000, 0x0000000100000000)
  region size 1024K, 2 young (2048K), 2 survivors (2048K)
 Metaspace       used 55453K, committed 55680K, reserved 1114112K
  class space    used 6506K, committed 6592K, reserved 1048576K
GC Heap History (20 events):
Event: 3.030 GC heap after
{Heap after GC invocations=9 (full 0):
 garbage-first heap   total 59392K, used 20289K [0x00000000a1600000, 0x0000000100000000)
  region size 1024K, 1 young (1024K), 1 survivors (1024K)
 Metaspace       used 35900K, committed 36160K, reserved 1114112K
  class space    used 4523K, committed 4672K, reserved 1048576K
}
Event: 3.430 GC heap before
{Heap before GC invocations=10 (full 0):
 garbage-first heap   total 59392K, used 42817K [0x00000000a1600000, 0x0000000100000000)
  region size 1024K, 24 young (24576K), 1 survivors (1024K)
 Metaspace       used 40602K, committed 40832K, reserved 1114112K
  class space    used 4955K, committed 5056K, reserved 1048576K
}
Event: 3.440 GC heap after
{Heap after GC invocations=11 (full 0):
 garbage-first heap   total 59392K, used 22963K [0x00000000a1600000, 0x0000000100000000)
  region size 1024K, 3 young (3072K), 3 survivors (3072K)
 Metaspace       used 40602K, committed 40832K, reserved 1114112K
  class space    used 4955K, committed 5056K, reserved 1048576K
}
Event: 4.373 GC heap before
{Heap before GC invocations=12 (full 0):
 garbage-first heap   total 59392K, used 45491K [0x00000000a1600000, 0x0000000100000000)
  region size 1024K, 24 young (24576K), 3 survivors (3072K)
 Metaspace       used 46286K, committed 46528K, reserved 1114112K
  class space    used 5613K, committed 5696K, reserved 1048576K
}
Event: 4.386 GC heap after
{Heap after GC invocations=13 (full 0):
 garbage-first heap   total 59392K, used 27563K [0x00000000a1600000, 0x0000000100000000)
  region size 1024K, 3 young (3072K), 3 survivors (3072K)
 Metaspace       used 46286K, committed 46528K, reserved 1114112K
  class space    used 5613K, committed 5696K, reserved 1048576K
}
Event: 4.902 GC heap before
{Heap before GC invocations=13 (full 0):
 garbage-first heap   total 59392K, used 45995K [0x00000000a1600000, 0x0000000100000000)
  region size 1024K, 20 young (20480K), 3 survivors (3072K)
 Metaspace       used 49559K, committed 49728K, reserved 1114112K
  class space    used 6013K, committed 6080K, reserved 1048576K
}
Event: 4.912 GC heap after
{Heap after GC invocations=14 (full 0):
 garbage-first heap   total 59392K, used 31690K [0x00000000a1600000, 0x0000000100000000)
  region size 1024K, 3 young (3072K), 3 survivors (3072K)
 Metaspace       used 49559K, committed 49728K, reserved 1114112K
  class space    used 6013K, committed 6080K, reserved 1048576K
}
Event: 5.016 GC heap before
{Heap before GC invocations=14 (full 0):
 garbage-first heap   total 59392K, used 47050K [0x00000000a1600000, 0x0000000100000000)
  region size 1024K, 18 young (18432K), 3 survivors (3072K)
 Metaspace       used 49682K, committed 49856K, reserved 1114112K
  class space    used 6013K, committed 6080K, reserved 1048576K
}
Event: 5.024 GC heap after
{Heap after GC invocations=15 (full 0):
 garbage-first heap   total 71680K, used 32019K [0x00000000a1600000, 0x0000000100000000)
  region size 1024K, 2 young (2048K), 2 survivors (2048K)
 Metaspace       used 49682K, committed 49856K, reserved 1114112K
  class space    used 6013K, committed 6080K, reserved 1048576K
}
Event: 5.747 GC heap before
{Heap before GC invocations=16 (full 0):
 garbage-first heap   total 71680K, used 53523K [0x00000000a1600000, 0x0000000100000000)
  region size 1024K, 23 young (23552K), 2 survivors (2048K)
 Metaspace       used 50508K, committed 50752K, reserved 1114112K
  class space    used 6090K, committed 6208K, reserved 1048576K
}
Event: 5.756 GC heap after
{Heap after GC invocations=17 (full 0):
 garbage-first heap   total 71680K, used 33246K [0x00000000a1600000, 0x0000000100000000)
  region size 1024K, 3 young (3072K), 3 survivors (3072K)
 Metaspace       used 50508K, committed 50752K, reserved 1114112K
  class space    used 6090K, committed 6208K, reserved 1048576K
}
Event: 5.779 GC heap before
{Heap before GC invocations=17 (full 0):
 garbage-first heap   total 71680K, used 34270K [0x00000000a1600000, 0x0000000100000000)
  region size 1024K, 4 young (4096K), 3 survivors (3072K)
 Metaspace       used 50524K, committed 50816K, reserved 1114112K
  class space    used 6091K, committed 6208K, reserved 1048576K
}
Event: 5.787 GC heap after
{Heap after GC invocations=18 (full 0):
 garbage-first heap   total 71680K, used 32673K [0x00000000a1600000, 0x0000000100000000)
  region size 1024K, 1 young (1024K), 1 survivors (1024K)
 Metaspace       used 50524K, committed 50816K, reserved 1114112K
  class space    used 6091K, committed 6208K, reserved 1048576K
}
Event: 6.501 GC heap before
{Heap before GC invocations=18 (full 0):
 garbage-first heap   total 71680K, used 53153K [0x00000000a1600000, 0x0000000100000000)
  region size 1024K, 22 young (22528K), 1 survivors (1024K)
 Metaspace       used 54034K, committed 54272K, reserved 1114112K
  class space    used 6455K, committed 6592K, reserved 1048576K
}
Event: 6.510 GC heap after
{Heap after GC invocations=19 (full 0):
 garbage-first heap   total 71680K, used 36101K [0x00000000a1600000, 0x0000000100000000)
  region size 1024K, 3 young (3072K), 3 survivors (3072K)
 Metaspace       used 54034K, committed 54272K, reserved 1114112K
  class space    used 6455K, committed 6592K, reserved 1048576K
}
Event: 7.507 GC heap before
{Heap before GC invocations=20 (full 0):
 garbage-first heap   total 71680K, used 54533K [0x00000000a1600000, 0x0000000100000000)
  region size 1024K, 21 young (21504K), 3 survivors (3072K)
 Metaspace       used 55149K, committed 55360K, reserved 1114112K
  class space    used 6497K, committed 6592K, reserved 1048576K
}
Event: 7.523 GC heap after
{Heap after GC invocations=21 (full 0):
 garbage-first heap   total 71680K, used 41092K [0x00000000a1600000, 0x0000000100000000)
  region size 1024K, 3 young (3072K), 3 survivors (3072K)
 Metaspace       used 55149K, committed 55360K, reserved 1114112K
  class space    used 6497K, committed 6592K, reserved 1048576K
}
Event: 7.555 GC heap before
{Heap before GC invocations=21 (full 0):
 garbage-first heap   total 71680K, used 42116K [0x00000000a1600000, 0x0000000100000000)
  region size 1024K, 4 young (4096K), 3 survivors (3072K)
 Metaspace       used 55163K, committed 55360K, reserved 1114112K
  class space    used 6497K, committed 6592K, reserved 1048576K
}
Event: 7.563 GC heap after
{Heap after GC invocations=22 (full 0):
 garbage-first heap   total 71680K, used 41474K [0x00000000a1600000, 0x0000000100000000)
  region size 1024K, 1 young (1024K), 1 survivors (1024K)
 Metaspace       used 55163K, committed 55360K, reserved 1114112K
  class space    used 6497K, committed 6592K, reserved 1048576K
}
Event: 7.923 GC heap before
{Heap before GC invocations=22 (full 0):
 garbage-first heap   total 71680K, used 55810K [0x00000000a1600000, 0x0000000100000000)
  region size 1024K, 15 young (15360K), 1 survivors (1024K)
 Metaspace       used 55453K, committed 55680K, reserved 1114112K
  class space    used 6506K, committed 6592K, reserved 1048576K
}

