# JRE version: OpenJDK Runtime Environment (17.0.9) (build 17.0.9+0--11185874)
# Java VM: OpenJDK 64-Bit Server VM (17.0.9+0--11185874, mixed mode, tiered, compressed oops, compressed class ptrs, g1 gc, windows-amd64)
GC Precious Log:
 CPUs: 4 total, 4 available
 Memory: 6049M
 Large Page Support: Disabled
 NUMA Support: Disabled
 Compressed Oops: Enabled (32-bit)
 Heap Region Size: 1M
 Heap Min Capacity: 8M
 Heap Initial Capacity: 96M
 Heap Max Capacity: 1514M
 Pre-touch: Disabled
 Parallel Workers: 4
 Concurrent Workers: 1
 Concurrent Refinement Workers: 4
 Periodic GC: Disabled
Heap:
 garbage-first heap   total 164864K, used 104462K [0x00000000a1600000, 0x0000000100000000)
  region size 1024K, 3 young (3072K), 3 survivors (3072K)
 Metaspace       used 88844K, committed 89088K, reserved 1179648K
  class space    used 9647K, committed 9792K, reserved 1048576K
GC Heap History (20 events):
Event: 20.775 GC heap after
{Heap after GC invocations=34 (full 0):
 garbage-first heap   total 137216K, used 81210K [0x00000000a1600000, 0x0000000100000000)
  region size 1024K, 4 young (4096K), 4 survivors (4096K)
 Metaspace       used 68245K, committed 68608K, reserved 1114112K
  class space    used 7707K, committed 7872K, reserved 1048576K
}
Event: 21.930 GC heap before
{Heap before GC invocations=34 (full 0):
 garbage-first heap   total 137216K, used 110906K [0x00000000a1600000, 0x0000000100000000)
  region size 1024K, 33 young (33792K), 4 survivors (4096K)
 Metaspace       used 68815K, committed 69184K, reserved 1114112K
  class space    used 7742K, committed 7936K, reserved 1048576K
}
Event: 21.940 GC heap after
{Heap after GC invocations=35 (full 0):
 garbage-first heap   total 137216K, used 82704K [0x00000000a1600000, 0x0000000100000000)
  region size 1024K, 2 young (2048K), 2 survivors (2048K)
 Metaspace       used 68815K, committed 69184K, reserved 1114112K
  class space    used 7742K, committed 7936K, reserved 1048576K
}
Event: 22.671 GC heap before
{Heap before GC invocations=35 (full 0):
 garbage-first heap   total 137216K, used 112400K [0x00000000a1600000, 0x0000000100000000)
  region size 1024K, 31 young (31744K), 2 survivors (2048K)
 Metaspace       used 72581K, committed 72896K, reserved 1114112K
  class space    used 8112K, committed 8256K, reserved 1048576K
}
Event: 22.681 GC heap after
{Heap after GC invocations=36 (full 0):
 garbage-first heap   total 137216K, used 85380K [0x00000000a1600000, 0x0000000100000000)
  region size 1024K, 4 young (4096K), 4 survivors (4096K)
 Metaspace       used 72581K, committed 72896K, reserved 1114112K
  class space    used 8112K, committed 8256K, reserved 1048576K
}
Event: 23.466 GC heap before
{Heap before GC invocations=36 (full 0):
 garbage-first heap   total 137216K, used 113028K [0x00000000a1600000, 0x0000000100000000)
  region size 1024K, 31 young (31744K), 4 survivors (4096K)
 Metaspace       used 74894K, committed 75264K, reserved 1179648K
  class space    used 8324K, committed 8512K, reserved 1048576K
}
Event: 23.482 GC heap after
{Heap after GC invocations=37 (full 0):
 garbage-first heap   total 137216K, used 89074K [0x00000000a1600000, 0x0000000100000000)
  region size 1024K, 4 young (4096K), 4 survivors (4096K)
 Metaspace       used 74894K, committed 75264K, reserved 1179648K
  class space    used 8324K, committed 8512K, reserved 1048576K
}
Event: 24.021 GC heap before
{Heap before GC invocations=37 (full 0):
 garbage-first heap   total 137216K, used 113650K [0x00000000a1600000, 0x0000000100000000)
  region size 1024K, 28 young (28672K), 4 survivors (4096K)
 Metaspace       used 75070K, committed 75392K, reserved 1179648K
  class space    used 8334K, committed 8512K, reserved 1048576K
}
Event: 24.038 GC heap after
{Heap after GC invocations=38 (full 0):
 garbage-first heap   total 164864K, used 93068K [0x00000000a1600000, 0x0000000100000000)
  region size 1024K, 4 young (4096K), 4 survivors (4096K)
 Metaspace       used 75070K, committed 75392K, reserved 1179648K
  class space    used 8334K, committed 8512K, reserved 1048576K
}
Event: 25.351 GC heap before
{Heap before GC invocations=38 (full 0):
 garbage-first heap   total 164864K, used 131980K [0x00000000a1600000, 0x0000000100000000)
  region size 1024K, 42 young (43008K), 4 survivors (4096K)
 Metaspace       used 82319K, committed 82624K, reserved 1179648K
  class space    used 9109K, committed 9280K, reserved 1048576K
}
Event: 25.367 GC heap after
{Heap after GC invocations=39 (full 0):
 garbage-first heap   total 164864K, used 96162K [0x00000000a1600000, 0x0000000100000000)
  region size 1024K, 3 young (3072K), 3 survivors (3072K)
 Metaspace       used 82319K, committed 82624K, reserved 1179648K
  class space    used 9109K, committed 9280K, reserved 1048576K
}
Event: 26.166 GC heap before
{Heap before GC invocations=39 (full 0):
 garbage-first heap   total 164864K, used 134050K [0x00000000a1600000, 0x0000000100000000)
  region size 1024K, 40 young (40960K), 3 survivors (3072K)
 Metaspace       used 84676K, committed 84928K, reserved 1179648K
  class space    used 9336K, committed 9472K, reserved 1048576K
}
Event: 26.183 GC heap after
{Heap after GC invocations=40 (full 0):
 garbage-first heap   total 164864K, used 101376K [0x00000000a1600000, 0x0000000100000000)
  region size 1024K, 5 young (5120K), 5 survivors (5120K)
 Metaspace       used 84676K, committed 84928K, reserved 1179648K
  class space    used 9336K, committed 9472K, reserved 1048576K
}
Event: 27.035 GC heap before
{Heap before GC invocations=40 (full 0):
 garbage-first heap   total 164864K, used 134144K [0x00000000a1600000, 0x0000000100000000)
  region size 1024K, 37 young (37888K), 5 survivors (5120K)
 Metaspace       used 85211K, committed 85568K, reserved 1179648K
  class space    used 9344K, committed 9536K, reserved 1048576K
}
Event: 27.049 GC heap after
{Heap after GC invocations=41 (full 0):
 garbage-first heap   total 164864K, used 102504K [0x00000000a1600000, 0x0000000100000000)
  region size 1024K, 1 young (1024K), 1 survivors (1024K)
 Metaspace       used 85211K, committed 85568K, reserved 1179648K
  class space    used 9344K, committed 9536K, reserved 1048576K
}
Event: 27.530 GC heap before
{Heap before GC invocations=41 (full 0):
 garbage-first heap   total 164864K, used 136296K [0x00000000a1600000, 0x0000000100000000)
  region size 1024K, 34 young (34816K), 1 survivors (1024K)
 Metaspace       used 85508K, committed 85824K, reserved 1179648K
  class space    used 9357K, committed 9536K, reserved 1048576K
}
Event: 27.538 GC heap after
{Heap after GC invocations=42 (full 0):
 garbage-first heap   total 164864K, used 103137K [0x00000000a1600000, 0x0000000100000000)
  region size 1024K, 2 young (2048K), 2 survivors (2048K)
 Metaspace       used 85508K, committed 85824K, reserved 1179648K
  class space    used 9357K, committed 9536K, reserved 1048576K
}
Event: 28.075 GC heap before
{Heap before GC invocations=42 (full 0):
 garbage-first heap   total 164864K, used 136929K [0x00000000a1600000, 0x0000000100000000)
  region size 1024K, 35 young (35840K), 2 survivors (2048K)
 Metaspace       used 85899K, committed 86208K, reserved 1179648K
  class space    used 9381K, committed 9536K, reserved 1048576K
}
Event: 28.086 GC heap after
{Heap after GC invocations=43 (full 0):
 garbage-first heap   total 164864K, used 104012K [0x00000000a1600000, 0x0000000100000000)
  region size 1024K, 3 young (3072K), 3 survivors (3072K)
 Metaspace       used 85899K, committed 86208K, reserved 1179648K
  class space    used 9381K, committed 9536K, reserved 1048576K
}
Event: 28.829 GC heap before
{Heap before GC invocations=43 (full 0):
 garbage-first heap   total 164864K, used 127564K [0x00000000a1600000, 0x0000000100000000)
  region size 1024K, 27 young (27648K), 3 survivors (3072K)
 Metaspace       used 88844K, committed 89088K, reserved 1179648K
  class space    used 9647K, committed 9792K, reserved 1048576K
}

