# JRE version: OpenJDK Runtime Environment (17.0.9) (build 17.0.9+0--11185874)
# Java VM: OpenJDK 64-Bit Server VM (17.0.9+0--11185874, mixed mode, tiered, compressed oops, compressed class ptrs, g1 gc, windows-amd64)
GC Precious Log:
 CPUs: 4 total, 4 available
 Memory: 6049M
 Large Page Support: Disabled
 NUMA Support: Disabled
 Compressed Oops: Enabled (32-bit)
 Heap Region Size: 1M
 Heap Min Capacity: 8M
 Heap Initial Capacity: 96M
 Heap Max Capacity: 2G
 Pre-touch: Disabled
 Parallel Workers: 4
 Concurrent Workers: 1
 Concurrent Refinement Workers: 4
 Periodic GC: Disabled
Heap:
 garbage-first heap   total 382976K, used 157208K [0x0000000080000000, 0x0000000100000000)
  region size 1024K, 7 young (7168K), 7 survivors (7168K)
 Metaspace       used 155169K, committed 156288K, reserved 1245184K
  class space    used 20715K, committed 21248K, reserved 1048576K
GC Heap History (20 events):
Event: 7634.052 GC heap after
{Heap after GC invocations=72 (full 1):
 garbage-first heap   total 382976K, used 156185K [0x0000000080000000, 0x0000000100000000)
  region size 1024K, 2 young (2048K), 2 survivors (2048K)
 Metaspace       used 149388K, committed 150336K, reserved 1179648K
  class space    used 20193K, committed 20672K, reserved 1048576K
}
Event: 7635.417 GC heap before
{Heap before GC invocations=72 (full 1):
 garbage-first heap   total 382976K, used 167449K [0x0000000080000000, 0x0000000100000000)
  region size 1024K, 14 young (14336K), 2 survivors (2048K)
 Metaspace       used 149600K, committed 150528K, reserved 1179648K
  class space    used 20207K, committed 20672K, reserved 1048576K
}
Event: 7635.453 GC heap after
{Heap after GC invocations=73 (full 1):
 garbage-first heap   total 382976K, used 164377K [0x0000000080000000, 0x0000000100000000)
  region size 1024K, 10 young (10240K), 10 survivors (10240K)
 Metaspace       used 149600K, committed 150528K, reserved 1179648K
  class space    used 20207K, committed 20672K, reserved 1048576K
}
Event: 7648.107 GC heap before
{Heap before GC invocations=74 (full 1):
 garbage-first heap   total 382976K, used 320025K [0x0000000080000000, 0x0000000100000000)
  region size 1024K, 135 young (138240K), 10 survivors (10240K)
 Metaspace       used 154039K, committed 155072K, reserved 1245184K
  class space    used 20676K, committed 21184K, reserved 1048576K
}
Event: 7648.140 GC heap after
{Heap after GC invocations=75 (full 1):
 garbage-first heap   total 382976K, used 164681K [0x0000000080000000, 0x0000000100000000)
  region size 1024K, 7 young (7168K), 7 survivors (7168K)
 Metaspace       used 154039K, committed 155072K, reserved 1245184K
  class space    used 20676K, committed 21184K, reserved 1048576K
}
Event: 7649.254 GC heap before
{Heap before GC invocations=75 (full 1):
 garbage-first heap   total 382976K, used 174921K [0x0000000080000000, 0x0000000100000000)
  region size 1024K, 18 young (18432K), 7 survivors (7168K)
 Metaspace       used 154089K, committed 155136K, reserved 1245184K
  class space    used 20685K, committed 21184K, reserved 1048576K
}
Event: 7649.290 GC heap after
{Heap after GC invocations=76 (full 1):
 garbage-first heap   total 382976K, used 160308K [0x0000000080000000, 0x0000000100000000)
  region size 1024K, 2 young (2048K), 2 survivors (2048K)
 Metaspace       used 154089K, committed 155136K, reserved 1245184K
  class space    used 20685K, committed 21184K, reserved 1048576K
}
Event: 7649.547 GC heap before
{Heap before GC invocations=76 (full 1):
 garbage-first heap   total 382976K, used 163380K [0x0000000080000000, 0x0000000100000000)
  region size 1024K, 6 young (6144K), 2 survivors (2048K)
 Metaspace       used 154090K, committed 155136K, reserved 1245184K
  class space    used 20685K, committed 21184K, reserved 1048576K
}
Event: 7649.553 GC heap after
{Heap after GC invocations=77 (full 1):
 garbage-first heap   total 382976K, used 159736K [0x0000000080000000, 0x0000000100000000)
  region size 1024K, 2 young (2048K), 2 survivors (2048K)
 Metaspace       used 154090K, committed 155136K, reserved 1245184K
  class space    used 20685K, committed 21184K, reserved 1048576K
}
Event: 7726.106 GC heap before
{Heap before GC invocations=78 (full 1):
 garbage-first heap   total 382976K, used 351224K [0x0000000080000000, 0x0000000100000000)
  region size 1024K, 146 young (149504K), 2 survivors (2048K)
 Metaspace       used 154485K, committed 155520K, reserved 1245184K
  class space    used 20694K, committed 21184K, reserved 1048576K
}
Event: 7726.138 GC heap after
{Heap after GC invocations=79 (full 1):
 garbage-first heap   total 382976K, used 155909K [0x0000000080000000, 0x0000000100000000)
  region size 1024K, 11 young (11264K), 11 survivors (11264K)
 Metaspace       used 154485K, committed 155520K, reserved 1245184K
  class space    used 20694K, committed 21184K, reserved 1048576K
}
Event: 7726.259 GC heap before
{Heap before GC invocations=79 (full 1):
 garbage-first heap   total 382976K, used 162053K [0x0000000080000000, 0x0000000100000000)
  region size 1024K, 18 young (18432K), 11 survivors (11264K)
 Metaspace       used 154490K, committed 155520K, reserved 1245184K
  class space    used 20694K, committed 21184K, reserved 1048576K
}
Event: 7726.290 GC heap after
{Heap after GC invocations=80 (full 1):
 garbage-first heap   total 382976K, used 152293K [0x0000000080000000, 0x0000000100000000)
  region size 1024K, 2 young (2048K), 2 survivors (2048K)
 Metaspace       used 154490K, committed 155520K, reserved 1245184K
  class space    used 20694K, committed 21184K, reserved 1048576K
}
Event: 7731.349 GC heap before
{Heap before GC invocations=80 (full 1):
 garbage-first heap   total 382976K, used 243429K [0x0000000080000000, 0x0000000100000000)
  region size 1024K, 93 young (95232K), 2 survivors (2048K)
 Metaspace       used 154653K, committed 155776K, reserved 1245184K
  class space    used 20696K, committed 21248K, reserved 1048576K
}
Event: 7731.363 GC heap after
{Heap after GC invocations=81 (full 1):
 garbage-first heap   total 382976K, used 157228K [0x0000000080000000, 0x0000000100000000)
  region size 1024K, 7 young (7168K), 7 survivors (7168K)
 Metaspace       used 154653K, committed 155776K, reserved 1245184K
  class space    used 20696K, committed 21248K, reserved 1048576K
}
Event: 7785.958 GC heap before
{Heap before GC invocations=82 (full 1):
 garbage-first heap   total 382976K, used 357932K [0x0000000080000000, 0x0000000100000000)
  region size 1024K, 150 young (153600K), 7 survivors (7168K)
 Metaspace       used 154988K, committed 156096K, reserved 1245184K
  class space    used 20710K, committed 21248K, reserved 1048576K
}
Event: 7786.031 GC heap after
{Heap after GC invocations=83 (full 1):
 garbage-first heap   total 382976K, used 161688K [0x0000000080000000, 0x0000000100000000)
  region size 1024K, 13 young (13312K), 13 survivors (13312K)
 Metaspace       used 154988K, committed 156096K, reserved 1245184K
  class space    used 20710K, committed 21248K, reserved 1048576K
}
Event: 7786.138 GC heap before
{Heap before GC invocations=83 (full 1):
 garbage-first heap   total 382976K, used 166808K [0x0000000080000000, 0x0000000100000000)
  region size 1024K, 18 young (18432K), 13 survivors (13312K)
 Metaspace       used 154991K, committed 156096K, reserved 1245184K
  class space    used 20710K, committed 21248K, reserved 1048576K
}
Event: 7786.204 GC heap after
{Heap after GC invocations=84 (full 1):
 garbage-first heap   total 382976K, used 152471K [0x0000000080000000, 0x0000000100000000)
  region size 1024K, 2 young (2048K), 2 survivors (2048K)
 Metaspace       used 154991K, committed 156096K, reserved 1245184K
  class space    used 20710K, committed 21248K, reserved 1048576K
}
Event: 7791.234 GC heap before
{Heap before GC invocations=84 (full 1):
 garbage-first heap   total 382976K, used 245655K [0x0000000080000000, 0x0000000100000000)
  region size 1024K, 95 young (97280K), 2 survivors (2048K)
 Metaspace       used 155169K, committed 156288K, reserved 1245184K
  class space    used 20715K, committed 21248K, reserved 1048576K
}

