# JRE version: OpenJDK Runtime Environment (17.0.9) (build 17.0.9+0--11185874)
# Java VM: OpenJDK 64-Bit Server VM (17.0.9+0--11185874, mixed mode, tiered, compressed oops, compressed class ptrs, g1 gc, windows-amd64)
GC Precious Log:
 CPUs: 4 total, 4 available
 Memory: 6049M
 Large Page Support: Disabled
 NUMA Support: Disabled
 Compressed Oops: Enabled (32-bit)
 Heap Region Size: 1M
 Heap Min Capacity: 8M
 Heap Initial Capacity: 96M
 Heap Max Capacity: 2G
 Pre-touch: Disabled
 Parallel Workers: 4
 Concurrent Workers: 1
 Concurrent Refinement Workers: 4
 Periodic GC: Disabled
Heap:
 garbage-first heap   total 368640K, used 162497K [0x0000000080000000, 0x0000000100000000)
  region size 1024K, 2 young (2048K), 2 survivors (2048K)
 Metaspace       used 141387K, committed 142592K, reserved 1179648K
  class space    used 19009K, committed 19584K, reserved 1048576K
GC Heap History (20 events):
Event: 731.041 GC heap after
{Heap after GC invocations=54 (full 0):
 garbage-first heap   total 353280K, used 169211K [0x0000000080000000, 0x0000000100000000)
  region size 1024K, 2 young (2048K), 2 survivors (2048K)
 Metaspace       used 132594K, committed 133696K, reserved 1179648K
  class space    used 18146K, committed 18688K, reserved 1048576K
}
Event: 732.127 GC heap before
{Heap before GC invocations=54 (full 0):
 garbage-first heap   total 353280K, used 230651K [0x0000000080000000, 0x0000000100000000)
  region size 1024K, 64 young (65536K), 2 survivors (2048K)
 Metaspace       used 132832K, committed 133952K, reserved 1179648K
  class space    used 18151K, committed 18688K, reserved 1048576K
}
Event: 732.133 GC heap after
{Heap after GC invocations=55 (full 0):
 garbage-first heap   total 353280K, used 168647K [0x0000000080000000, 0x0000000100000000)
  region size 1024K, 2 young (2048K), 2 survivors (2048K)
 Metaspace       used 132832K, committed 133952K, reserved 1179648K
  class space    used 18151K, committed 18688K, reserved 1048576K
}
Event: 897.360 GC heap before
{Heap before GC invocations=56 (full 0):
 garbage-first heap   total 353280K, used 318151K [0x0000000080000000, 0x0000000100000000)
  region size 1024K, 123 young (125952K), 2 survivors (2048K)
 Metaspace       used 134658K, committed 135808K, reserved 1179648K
  class space    used 18330K, committed 18880K, reserved 1048576K
}
Event: 897.464 GC heap after
{Heap after GC invocations=57 (full 0):
 garbage-first heap   total 353280K, used 191908K [0x0000000080000000, 0x0000000100000000)
  region size 1024K, 16 young (16384K), 16 survivors (16384K)
 Metaspace       used 134658K, committed 135808K, reserved 1179648K
  class space    used 18330K, committed 18880K, reserved 1048576K
}
Event: 897.550 GC heap before
{Heap before GC invocations=57 (full 0):
 garbage-first heap   total 353280K, used 191908K [0x0000000080000000, 0x0000000100000000)
  region size 1024K, 17 young (17408K), 16 survivors (16384K)
 Metaspace       used 134734K, committed 135872K, reserved 1179648K
  class space    used 18340K, committed 18880K, reserved 1048576K
}
Event: 897.856 GC heap after
{Heap after GC invocations=58 (full 0):
 garbage-first heap   total 353280K, used 179144K [0x0000000080000000, 0x0000000100000000)
  region size 1024K, 2 young (2048K), 2 survivors (2048K)
 Metaspace       used 134734K, committed 135872K, reserved 1179648K
  class space    used 18340K, committed 18880K, reserved 1048576K
}
Event: 899.156 GC heap before
{Heap before GC invocations=58 (full 0):
 garbage-first heap   total 353280K, used 217032K [0x0000000080000000, 0x0000000100000000)
  region size 1024K, 41 young (41984K), 2 survivors (2048K)
 Metaspace       used 137391K, committed 138560K, reserved 1179648K
  class space    used 18650K, committed 19264K, reserved 1048576K
}
Event: 899.172 GC heap after
{Heap after GC invocations=59 (full 0):
 garbage-first heap   total 353280K, used 187497K [0x0000000080000000, 0x0000000100000000)
  region size 1024K, 11 young (11264K), 11 survivors (11264K)
 Metaspace       used 137391K, committed 138560K, reserved 1179648K
  class space    used 18650K, committed 19264K, reserved 1048576K
}
Event: 905.255 GC heap before
{Heap before GC invocations=60 (full 0):
 garbage-first heap   total 368640K, used 301161K [0x0000000080000000, 0x0000000100000000)
  region size 1024K, 98 young (100352K), 11 survivors (11264K)
 Metaspace       used 140513K, committed 141632K, reserved 1179648K
  class space    used 18970K, committed 19520K, reserved 1048576K
}
Event: 905.284 GC heap after
{Heap after GC invocations=61 (full 0):
 garbage-first heap   total 368640K, used 188662K [0x0000000080000000, 0x0000000100000000)
  region size 1024K, 11 young (11264K), 11 survivors (11264K)
 Metaspace       used 140513K, committed 141632K, reserved 1179648K
  class space    used 18970K, committed 19520K, reserved 1048576K
}
Event: 905.337 GC heap before
{Heap before GC invocations=61 (full 0):
 garbage-first heap   total 368640K, used 194806K [0x0000000080000000, 0x0000000100000000)
  region size 1024K, 18 young (18432K), 11 survivors (11264K)
 Metaspace       used 140590K, committed 141696K, reserved 1179648K
  class space    used 18975K, committed 19520K, reserved 1048576K
}
Event: 905.383 GC heap after
{Heap after GC invocations=62 (full 0):
 garbage-first heap   total 368640K, used 173778K [0x0000000080000000, 0x0000000100000000)
  region size 1024K, 2 young (2048K), 2 survivors (2048K)
 Metaspace       used 140590K, committed 141696K, reserved 1179648K
  class space    used 18975K, committed 19520K, reserved 1048576K
}
Event: 926.349 GC heap before
{Heap before GC invocations=62 (full 0):
 garbage-first heap   total 368640K, used 265938K [0x0000000080000000, 0x0000000100000000)
  region size 1024K, 94 young (96256K), 2 survivors (2048K)
 Metaspace       used 140946K, committed 142144K, reserved 1179648K
  class space    used 18994K, committed 19584K, reserved 1048576K
}
Event: 926.366 GC heap after
{Heap after GC invocations=63 (full 0):
 garbage-first heap   total 368640K, used 174802K [0x0000000080000000, 0x0000000100000000)
  region size 1024K, 3 young (3072K), 3 survivors (3072K)
 Metaspace       used 140946K, committed 142144K, reserved 1179648K
  class space    used 18994K, committed 19584K, reserved 1048576K
}
Event: 1015.410 GC heap before
{Heap before GC invocations=64 (full 0):
 garbage-first heap   total 368640K, used 312018K [0x0000000080000000, 0x0000000100000000)
  region size 1024K, 123 young (125952K), 3 survivors (3072K)
 Metaspace       used 141288K, committed 142400K, reserved 1179648K
  class space    used 19008K, committed 19584K, reserved 1048576K
}
Event: 1015.518 GC heap after
{Heap after GC invocations=65 (full 0):
 garbage-first heap   total 368640K, used 172027K [0x0000000080000000, 0x0000000100000000)
  region size 1024K, 13 young (13312K), 13 survivors (13312K)
 Metaspace       used 141288K, committed 142400K, reserved 1179648K
  class space    used 19008K, committed 19584K, reserved 1048576K
}
Event: 1015.653 GC heap before
{Heap before GC invocations=65 (full 0):
 garbage-first heap   total 368640K, used 176123K [0x0000000080000000, 0x0000000100000000)
  region size 1024K, 18 young (18432K), 13 survivors (13312K)
 Metaspace       used 141295K, committed 142400K, reserved 1179648K
  class space    used 19008K, committed 19584K, reserved 1048576K
}
Event: 1015.752 GC heap after
{Heap after GC invocations=66 (full 0):
 garbage-first heap   total 368640K, used 163221K [0x0000000080000000, 0x0000000100000000)
  region size 1024K, 2 young (2048K), 2 survivors (2048K)
 Metaspace       used 141295K, committed 142400K, reserved 1179648K
  class space    used 19008K, committed 19584K, reserved 1048576K
}
Event: 1016.625 GC heap before
{Heap before GC invocations=66 (full 0):
 garbage-first heap   total 368640K, used 224661K [0x0000000080000000, 0x0000000100000000)
  region size 1024K, 64 young (65536K), 2 survivors (2048K)
 Metaspace       used 141387K, committed 142592K, reserved 1179648K
  class space    used 19009K, committed 19584K, reserved 1048576K
}

