# JRE version: OpenJDK Runtime Environment (17.0.9) (build 17.0.9+0--11185874)
# Java VM: OpenJDK 64-Bit Server VM (17.0.9+0--11185874, mixed mode, tiered, compressed oops, compressed class ptrs, g1 gc, windows-amd64)
GC Precious Log:
 CPUs: 4 total, 4 available
 Memory: 6049M
 Large Page Support: Disabled
 NUMA Support: Disabled
 Compressed Oops: Enabled (32-bit)
 Heap Region Size: 1M
 Heap Min Capacity: 8M
 Heap Initial Capacity: 96M
 Heap Max Capacity: 2G
 Pre-touch: Disabled
 Parallel Workers: 4
 Concurrent Workers: 1
 Concurrent Refinement Workers: 4
 Periodic GC: Disabled
Heap:
 garbage-first heap   total 427008K, used 283136K [0x0000000080000000, 0x0000000100000000)
  region size 1024K, 36 young (36864K), 3 survivors (3072K)
 Metaspace       used 119469K, committed 120576K, reserved 1179648K
  class space    used 15869K, committed 16448K, reserved 1048576K
GC Heap History (20 events):
Event: 191.075 GC heap before
{Heap before GC invocations=60 (full 0):
 garbage-first heap   total 427008K, used 255671K [0x0000000080000000, 0x0000000100000000)
  region size 1024K, 48 young (49152K), 12 survivors (12288K)
 Metaspace       used 117736K, committed 118784K, reserved 1179648K
  class space    used 15788K, committed 16320K, reserved 1048576K
}
Event: 191.109 GC heap after
{Heap after GC invocations=61 (full 0):
 garbage-first heap   total 427008K, used 212992K [0x0000000080000000, 0x0000000100000000)
  region size 1024K, 4 young (4096K), 4 survivors (4096K)
 Metaspace       used 117736K, committed 118784K, reserved 1179648K
  class space    used 15788K, committed 16320K, reserved 1048576K
}
Event: 191.182 GC heap before
{Heap before GC invocations=61 (full 0):
 garbage-first heap   total 427008K, used 229376K [0x0000000080000000, 0x0000000100000000)
  region size 1024K, 20 young (20480K), 4 survivors (4096K)
 Metaspace       used 117736K, committed 118784K, reserved 1179648K
  class space    used 15788K, committed 16320K, reserved 1048576K
}
Event: 191.211 GC heap after
{Heap after GC invocations=62 (full 0):
 garbage-first heap   total 427008K, used 181248K [0x0000000080000000, 0x0000000100000000)
  region size 1024K, 3 young (3072K), 3 survivors (3072K)
 Metaspace       used 117736K, committed 118784K, reserved 1179648K
  class space    used 15788K, committed 16320K, reserved 1048576K
}
Event: 228.062 GC heap before
{Heap before GC invocations=62 (full 0):
 garbage-first heap   total 427008K, used 371712K [0x0000000080000000, 0x0000000100000000)
  region size 1024K, 145 young (148480K), 3 survivors (3072K)
 Metaspace       used 118012K, committed 119104K, reserved 1179648K
  class space    used 15809K, committed 16320K, reserved 1048576K
}
Event: 228.089 GC heap after
{Heap after GC invocations=63 (full 0):
 garbage-first heap   total 427008K, used 194359K [0x0000000080000000, 0x0000000100000000)
  region size 1024K, 13 young (13312K), 13 survivors (13312K)
 Metaspace       used 118012K, committed 119104K, reserved 1179648K
  class space    used 15809K, committed 16320K, reserved 1048576K
}
Event: 230.936 GC heap before
{Heap before GC invocations=63 (full 0):
 garbage-first heap   total 427008K, used 365367K [0x0000000080000000, 0x0000000100000000)
  region size 1024K, 153 young (156672K), 13 survivors (13312K)
 Metaspace       used 118197K, committed 119232K, reserved 1179648K
  class space    used 15809K, committed 16320K, reserved 1048576K
}
Event: 230.978 GC heap after
{Heap after GC invocations=64 (full 0):
 garbage-first heap   total 427008K, used 197872K [0x0000000080000000, 0x0000000100000000)
  region size 1024K, 7 young (7168K), 7 survivors (7168K)
 Metaspace       used 118197K, committed 119232K, reserved 1179648K
  class space    used 15809K, committed 16320K, reserved 1048576K
}
Event: 303.832 GC heap before
{Heap before GC invocations=64 (full 0):
 garbage-first heap   total 427008K, used 343280K [0x0000000080000000, 0x0000000100000000)
  region size 1024K, 109 young (111616K), 7 survivors (7168K)
 Metaspace       used 118509K, committed 119616K, reserved 1179648K
  class space    used 15825K, committed 16384K, reserved 1048576K
}
Event: 303.854 GC heap after
{Heap after GC invocations=65 (full 0):
 garbage-first heap   total 427008K, used 204016K [0x0000000080000000, 0x0000000100000000)
  region size 1024K, 13 young (13312K), 13 survivors (13312K)
 Metaspace       used 118509K, committed 119616K, reserved 1179648K
  class space    used 15825K, committed 16384K, reserved 1048576K
}
Event: 306.537 GC heap before
{Heap before GC invocations=65 (full 0):
 garbage-first heap   total 427008K, used 376048K [0x0000000080000000, 0x0000000100000000)
  region size 1024K, 151 young (154624K), 13 survivors (13312K)
 Metaspace       used 118639K, committed 119744K, reserved 1179648K
  class space    used 15827K, committed 16384K, reserved 1048576K
}
Event: 306.598 GC heap after
{Heap after GC invocations=66 (full 0):
 garbage-first heap   total 427008K, used 210656K [0x0000000080000000, 0x0000000100000000)
  region size 1024K, 7 young (7168K), 7 survivors (7168K)
 Metaspace       used 118639K, committed 119744K, reserved 1179648K
  class space    used 15827K, committed 16384K, reserved 1048576K
}
Event: 306.856 GC heap before
{Heap before GC invocations=66 (full 0):
 garbage-first heap   total 427008K, used 261856K [0x0000000080000000, 0x0000000100000000)
  region size 1024K, 21 young (21504K), 7 survivors (7168K)
 Metaspace       used 118669K, committed 119744K, reserved 1179648K
  class space    used 15828K, committed 16384K, reserved 1048576K
}
Event: 306.873 GC heap after
{Heap after GC invocations=67 (full 0):
 garbage-first heap   total 427008K, used 217540K [0x0000000080000000, 0x0000000100000000)
  region size 1024K, 8 young (8192K), 8 survivors (8192K)
 Metaspace       used 118669K, committed 119744K, reserved 1179648K
  class space    used 15828K, committed 16384K, reserved 1048576K
}
Event: 469.736 GC heap before
{Heap before GC invocations=67 (full 0):
 garbage-first heap   total 427008K, used 356804K [0x0000000080000000, 0x0000000100000000)
  region size 1024K, 138 young (141312K), 8 survivors (8192K)
 Metaspace       used 118926K, committed 120000K, reserved 1179648K
  class space    used 15828K, committed 16384K, reserved 1048576K
}
Event: 469.791 GC heap after
{Heap after GC invocations=68 (full 0):
 garbage-first heap   total 427008K, used 236459K [0x0000000080000000, 0x0000000100000000)
  region size 1024K, 18 young (18432K), 18 survivors (18432K)
 Metaspace       used 118926K, committed 120000K, reserved 1179648K
  class space    used 15828K, committed 16384K, reserved 1048576K
}
Event: 472.053 GC heap before
{Heap before GC invocations=68 (full 0):
 garbage-first heap   total 427008K, used 362411K [0x0000000080000000, 0x0000000100000000)
  region size 1024K, 114 young (116736K), 18 survivors (18432K)
 Metaspace       used 119001K, committed 120064K, reserved 1179648K
  class space    used 15828K, committed 16384K, reserved 1048576K
}
Event: 472.112 GC heap after
{Heap after GC invocations=69 (full 0):
 garbage-first heap   total 427008K, used 253952K [0x0000000080000000, 0x0000000100000000)
  region size 1024K, 15 young (15360K), 15 survivors (15360K)
 Metaspace       used 119001K, committed 120064K, reserved 1179648K
  class space    used 15828K, committed 16384K, reserved 1048576K
}
Event: 2816.791 GC heap before
{Heap before GC invocations=69 (full 0):
 garbage-first heap   total 427008K, used 384000K [0x0000000080000000, 0x0000000100000000)
  region size 1024K, 101 young (103424K), 15 survivors (15360K)
 Metaspace       used 119261K, committed 120320K, reserved 1179648K
  class space    used 15840K, committed 16384K, reserved 1048576K
}
Event: 2817.051 GC heap after
{Heap after GC invocations=70 (full 0):
 garbage-first heap   total 427008K, used 250368K [0x0000000080000000, 0x0000000100000000)
  region size 1024K, 3 young (3072K), 3 survivors (3072K)
 Metaspace       used 119261K, committed 120320K, reserved 1179648K
  class space    used 15840K, committed 16384K, reserved 1048576K
}

